2013-01-15 10:32:49.245 [info] <0.7.0> Application lager started on node 'riak246792@127.0.0.1'
2013-01-15 10:32:49.327 [warning] <0.149.0>@riak_core_ring_manager:reload_ring:231 No ring file available.
2013-01-15 10:32:49.442 [info] <0.155.0>@riak_core_capability:process_capability_changes:529 New capability: {riak_core,vnode_routing} = proxy
2013-01-15 10:32:49.456 [info] <0.155.0>@riak_core_capability:process_capability_changes:529 New capability: {riak_core,staged_joins} = true
2013-01-15 10:32:49.484 [info] <0.7.0> Application riak_core started on node 'riak246792@127.0.0.1'
2013-01-15 10:32:49.600 [info] <0.262.0>@riak_core:wait_for_application:425 Waiting for application riak_pipe to start (0 seconds).
2013-01-15 10:32:49.601 [info] <0.7.0> Application riak_pipe started on node 'riak246792@127.0.0.1'
2013-01-15 10:32:49.645 [info] <0.271.0>@riak_core:wait_for_service:445 Waiting for service riak_kv to start (0 seconds)
2013-01-15 10:32:49.702 [info] <0.283.0>@riak_kv_js_vm:init:76 Spidermonkey VM (thread stack: 16MB, max heap: 8MB, pool: riak_kv_js_map) host starting (<0.283.0>)
2013-01-15 10:32:49.703 [info] <0.262.0>@riak_core:wait_for_application:419 Wait complete for application riak_pipe (0 seconds)
2013-01-15 10:32:49.712 [info] <0.284.0>@riak_kv_js_vm:init:76 Spidermonkey VM (thread stack: 16MB, max heap: 8MB, pool: riak_kv_js_map) host starting (<0.284.0>)
2013-01-15 10:32:49.723 [info] <0.285.0>@riak_kv_js_vm:init:76 Spidermonkey VM (thread stack: 16MB, max heap: 8MB, pool: riak_kv_js_map) host starting (<0.285.0>)
2013-01-15 10:32:49.759 [info] <0.287.0>@riak_kv_js_vm:init:76 Spidermonkey VM (thread stack: 16MB, max heap: 8MB, pool: riak_kv_js_map) host starting (<0.287.0>)
2013-01-15 10:32:49.807 [info] <0.415.0>@riak_kv_js_vm:init:76 Spidermonkey VM (thread stack: 16MB, max heap: 8MB, pool: riak_kv_js_map) host starting (<0.415.0>)
2013-01-15 10:32:49.818 [info] <0.416.0>@riak_kv_js_vm:init:76 Spidermonkey VM (thread stack: 16MB, max heap: 8MB, pool: riak_kv_js_map) host starting (<0.416.0>)
2013-01-15 10:32:49.848 [info] <0.417.0>@riak_kv_js_vm:init:76 Spidermonkey VM (thread stack: 16MB, max heap: 8MB, pool: riak_kv_js_map) host starting (<0.417.0>)
2013-01-15 10:32:49.870 [info] <0.418.0>@riak_kv_js_vm:init:76 Spidermonkey VM (thread stack: 16MB, max heap: 8MB, pool: riak_kv_js_map) host starting (<0.418.0>)
2013-01-15 10:32:49.874 [info] <0.420.0>@riak_kv_js_vm:init:76 Spidermonkey VM (thread stack: 16MB, max heap: 8MB, pool: riak_kv_js_reduce) host starting (<0.420.0>)
2013-01-15 10:32:49.878 [info] <0.421.0>@riak_kv_js_vm:init:76 Spidermonkey VM (thread stack: 16MB, max heap: 8MB, pool: riak_kv_js_reduce) host starting (<0.421.0>)
2013-01-15 10:32:49.882 [info] <0.422.0>@riak_kv_js_vm:init:76 Spidermonkey VM (thread stack: 16MB, max heap: 8MB, pool: riak_kv_js_reduce) host starting (<0.422.0>)
2013-01-15 10:32:49.886 [info] <0.423.0>@riak_kv_js_vm:init:76 Spidermonkey VM (thread stack: 16MB, max heap: 8MB, pool: riak_kv_js_reduce) host starting (<0.423.0>)
2013-01-15 10:32:49.893 [info] <0.424.0>@riak_kv_js_vm:init:76 Spidermonkey VM (thread stack: 16MB, max heap: 8MB, pool: riak_kv_js_reduce) host starting (<0.424.0>)
2013-01-15 10:32:49.897 [info] <0.425.0>@riak_kv_js_vm:init:76 Spidermonkey VM (thread stack: 16MB, max heap: 8MB, pool: riak_kv_js_reduce) host starting (<0.425.0>)
2013-01-15 10:32:49.905 [info] <0.427.0>@riak_kv_js_vm:init:76 Spidermonkey VM (thread stack: 16MB, max heap: 8MB, pool: riak_kv_js_hook) host starting (<0.427.0>)
2013-01-15 10:32:49.909 [info] <0.428.0>@riak_kv_js_vm:init:76 Spidermonkey VM (thread stack: 16MB, max heap: 8MB, pool: riak_kv_js_hook) host starting (<0.428.0>)
2013-01-15 10:32:50.472 [info] <0.155.0>@riak_core_capability:process_capability_changes:529 New capability: {riak_kv,vnode_vclocks} = true
2013-01-15 10:32:50.488 [info] <0.155.0>@riak_core_capability:process_capability_changes:529 New capability: {riak_kv,legacy_keylisting} = false
2013-01-15 10:32:50.505 [info] <0.155.0>@riak_core_capability:process_capability_changes:529 New capability: {riak_kv,listkeys_backpressure} = true
2013-01-15 10:32:50.516 [info] <0.155.0>@riak_core_capability:process_capability_changes:529 New capability: {riak_kv,mapred_system} = pipe
2013-01-15 10:32:50.526 [info] <0.155.0>@riak_core_capability:process_capability_changes:529 New capability: {riak_kv,mapred_2i_pipe} = true
2013-01-15 10:32:50.556 [info] <0.524.0>@riak_core:wait_for_application:425 Waiting for application riak_kv to start (0 seconds).
2013-01-15 10:32:50.577 [info] <0.7.0> Application riak_kv started on node 'riak246792@127.0.0.1'
2013-01-15 10:32:50.595 [info] <0.7.0> Application merge_index started on node 'riak246792@127.0.0.1'
2013-01-15 10:32:50.599 [info] <0.537.0>@riak_core:wait_for_service:445 Waiting for service riak_kv to start (0 seconds)
2013-01-15 10:32:50.658 [info] <0.524.0>@riak_core:wait_for_application:419 Wait complete for application riak_kv (0 seconds)
2013-01-15 10:32:51.816 [info] <0.271.0>@riak_core:wait_for_service:439 Wait complete for service riak_kv (2 seconds)
2013-01-15 10:32:51.835 [info] <0.537.0>@riak_core:wait_for_service:439 Wait complete for service riak_kv (1 seconds)
2013-01-15 10:32:51.915 [info] <0.1578.0>@riak_core:wait_for_application:425 Waiting for application riak_search to start (0 seconds).
2013-01-15 10:32:51.923 [info] <0.7.0> Application riak_search started on node 'riak246792@127.0.0.1'
2013-01-15 10:32:51.939 [warning] <0.1585.0>@riak_api_pb_listener:get_port:99 The config riak_kv/pb_port has been deprecated and will be removed.  Use riak_api/pb_port in the future.
2013-01-15 10:32:51.940 [warning] <0.1585.0>@riak_api_pb_listener:get_ip:117 The config riak_kv/pb_ip has been deprecated and will be removed.  Use riak_api/pb_ip in the future.
2013-01-15 10:32:51.993 [info] <0.7.0> Application riak_api started on node 'riak246792@127.0.0.1'
2013-01-15 10:32:52.009 [info] <0.7.0> Application cluster_info started on node 'riak246792@127.0.0.1'
2013-01-15 10:32:52.016 [info] <0.1578.0>@riak_core:wait_for_application:419 Wait complete for application riak_search (0 seconds)
2013-01-15 10:32:52.023 [info] <0.7.0> Application riak_control started on node 'riak246792@127.0.0.1'
2013-01-15 10:32:52.023 [info] <0.7.0> Application erlydtl started on node 'riak246792@127.0.0.1'
2013-01-15 10:53:48.751 [error] emulator Error in process <0.3103.0> on node 'riak246792@127.0.0.1' with exit value: {{case_clause,{more,"Pages free:~d.",0,[]}},[{memsup,fread_value,2,[{file,"memsup.erl"},{line,762}]},{memsup,get_memory_usage,1,[{file,"memsup.erl"},{line,732}]},{memsup,'-handle_info/2-fun-0-',2,[{file,"memsup.erl"},{line,343}]}]}


2013-01-15 10:53:48.785 [info] <0.427.0>@riak_kv_js_vm:terminate:240 Spidermonkey VM (pool: riak_kv_js_hook) host stopping (<0.427.0>)
2013-01-15 10:53:48.785 [info] <0.428.0>@riak_kv_js_vm:terminate:240 Spidermonkey VM (pool: riak_kv_js_hook) host stopping (<0.428.0>)
2013-01-15 10:53:48.786 [info] <0.425.0>@riak_kv_js_vm:terminate:240 Spidermonkey VM (pool: riak_kv_js_reduce) host stopping (<0.425.0>)
2013-01-15 10:53:48.786 [info] <0.420.0>@riak_kv_js_vm:terminate:240 Spidermonkey VM (pool: riak_kv_js_reduce) host stopping (<0.420.0>)
2013-01-15 10:53:48.786 [info] <0.422.0>@riak_kv_js_vm:terminate:240 Spidermonkey VM (pool: riak_kv_js_reduce) host stopping (<0.422.0>)
2013-01-15 10:53:48.786 [info] <0.424.0>@riak_kv_js_vm:terminate:240 Spidermonkey VM (pool: riak_kv_js_reduce) host stopping (<0.424.0>)
2013-01-15 10:53:48.787 [info] <0.423.0>@riak_kv_js_vm:terminate:240 Spidermonkey VM (pool: riak_kv_js_reduce) host stopping (<0.423.0>)
2013-01-15 10:53:48.787 [info] <0.421.0>@riak_kv_js_vm:terminate:240 Spidermonkey VM (pool: riak_kv_js_reduce) host stopping (<0.421.0>)
2013-01-15 10:53:48.787 [info] <0.287.0>@riak_kv_js_vm:terminate:240 Spidermonkey VM (pool: riak_kv_js_map) host stopping (<0.287.0>)
2013-01-15 10:53:48.788 [info] <0.416.0>@riak_kv_js_vm:terminate:240 Spidermonkey VM (pool: riak_kv_js_map) host stopping (<0.416.0>)
2013-01-15 10:53:48.788 [info] <0.415.0>@riak_kv_js_vm:terminate:240 Spidermonkey VM (pool: riak_kv_js_map) host stopping (<0.415.0>)
2013-01-15 10:53:48.788 [info] <0.417.0>@riak_kv_js_vm:terminate:240 Spidermonkey VM (pool: riak_kv_js_map) host stopping (<0.417.0>)
2013-01-15 10:53:48.789 [info] <0.418.0>@riak_kv_js_vm:terminate:240 Spidermonkey VM (pool: riak_kv_js_map) host stopping (<0.418.0>)
2013-01-15 10:53:48.789 [info] <0.283.0>@riak_kv_js_vm:terminate:240 Spidermonkey VM (pool: riak_kv_js_map) host stopping (<0.283.0>)
2013-01-15 10:53:48.789 [info] <0.284.0>@riak_kv_js_vm:terminate:240 Spidermonkey VM (pool: riak_kv_js_map) host stopping (<0.284.0>)
2013-01-15 10:53:48.790 [info] <0.285.0>@riak_kv_js_vm:terminate:240 Spidermonkey VM (pool: riak_kv_js_map) host stopping (<0.285.0>)
2013-01-15 10:53:48.810 [info] <0.41.0> alarm_handler: {clear,system_memory_high_watermark}
2013-01-15 10:53:48.816 [error] <0.69.0> gen_server memsup terminated with reason: no case clause matching {more,"Pages free:~d.",0,[]} in memsup:fread_value/2 line 762
2013-01-15 10:53:48.818 [error] <0.69.0> CRASH REPORT Process memsup with 0 neighbours exited with reason: no case clause matching {more,"Pages free:~d.",0,[]} in memsup:fread_value/2 line 762 in gen_server:terminate/6 line 747
2013-01-15 10:53:48.819 [error] <0.67.0> Supervisor os_mon_sup had child memsup started with memsup:start_link() at <0.69.0> exit with reason no case clause matching {more,"Pages free:~d.",0,[]} in memsup:fread_value/2 line 762 in context child_terminated
2013-01-15 10:53:48.820 [error] <0.3105.0> gen_server memsup terminated with reason: no case clause matching {more,"Pages free:~d.",0,[]} in memsup:fread_value/2 line 762
2013-01-15 10:53:48.824 [error] <0.3105.0> CRASH REPORT Process memsup with 0 neighbours exited with reason: no case clause matching {more,"Pages free:~d.",0,[]} in memsup:fread_value/2 line 762 in gen_server:terminate/6 line 747
2013-01-15 10:53:48.825 [error] <0.67.0> Supervisor os_mon_sup had child memsup started with memsup:start_link() at <0.3105.0> exit with reason no case clause matching {more,"Pages free:~d.",0,[]} in memsup:fread_value/2 line 762 in context child_terminated
2013-01-15 10:53:48.826 [error] <0.3108.0> gen_server memsup terminated with reason: no case clause matching {more,"Pages free:~d.",0,[]} in memsup:fread_value/2 line 762
2013-01-15 11:08:46.442 [info] <0.7.0> Application lager started on node 'riak246792@127.0.0.1'
2013-01-15 11:08:46.547 [info] <0.149.0>@riak_core_ring_manager:reload_ring:226 Upgrading legacy ring
2013-01-15 11:08:46.642 [info] <0.155.0>@riak_core_capability:process_capability_changes:529 New capability: {riak_core,vnode_routing} = proxy
2013-01-15 11:08:46.648 [info] <0.155.0>@riak_core_capability:process_capability_changes:529 New capability: {riak_core,staged_joins} = true
2013-01-15 11:08:46.653 [info] <0.7.0> Application riak_core started on node 'riak246792@127.0.0.1'
2013-01-15 11:08:46.677 [info] <0.262.0>@riak_core:wait_for_application:425 Waiting for application riak_pipe to start (0 seconds).
2013-01-15 11:08:46.677 [info] <0.7.0> Application riak_pipe started on node 'riak246792@127.0.0.1'
2013-01-15 11:08:46.699 [info] <0.271.0>@riak_core:wait_for_service:445 Waiting for service riak_kv to start (0 seconds)
2013-01-15 11:08:46.730 [info] <0.283.0>@riak_kv_js_vm:init:76 Spidermonkey VM (thread stack: 16MB, max heap: 8MB, pool: riak_kv_js_map) host starting (<0.283.0>)
2013-01-15 11:08:46.733 [info] <0.284.0>@riak_kv_js_vm:init:76 Spidermonkey VM (thread stack: 16MB, max heap: 8MB, pool: riak_kv_js_map) host starting (<0.284.0>)
2013-01-15 11:08:46.737 [info] <0.285.0>@riak_kv_js_vm:init:76 Spidermonkey VM (thread stack: 16MB, max heap: 8MB, pool: riak_kv_js_map) host starting (<0.285.0>)
2013-01-15 11:08:46.740 [info] <0.286.0>@riak_kv_js_vm:init:76 Spidermonkey VM (thread stack: 16MB, max heap: 8MB, pool: riak_kv_js_map) host starting (<0.286.0>)
2013-01-15 11:08:46.743 [info] <0.287.0>@riak_kv_js_vm:init:76 Spidermonkey VM (thread stack: 16MB, max heap: 8MB, pool: riak_kv_js_map) host starting (<0.287.0>)
2013-01-15 11:08:46.748 [info] <0.288.0>@riak_kv_js_vm:init:76 Spidermonkey VM (thread stack: 16MB, max heap: 8MB, pool: riak_kv_js_map) host starting (<0.288.0>)
2013-01-15 11:08:46.753 [info] <0.289.0>@riak_kv_js_vm:init:76 Spidermonkey VM (thread stack: 16MB, max heap: 8MB, pool: riak_kv_js_map) host starting (<0.289.0>)
2013-01-15 11:08:46.756 [info] <0.290.0>@riak_kv_js_vm:init:76 Spidermonkey VM (thread stack: 16MB, max heap: 8MB, pool: riak_kv_js_map) host starting (<0.290.0>)
2013-01-15 11:08:46.760 [info] <0.292.0>@riak_kv_js_vm:init:76 Spidermonkey VM (thread stack: 16MB, max heap: 8MB, pool: riak_kv_js_reduce) host starting (<0.292.0>)
2013-01-15 11:08:46.763 [info] <0.293.0>@riak_kv_js_vm:init:76 Spidermonkey VM (thread stack: 16MB, max heap: 8MB, pool: riak_kv_js_reduce) host starting (<0.293.0>)
2013-01-15 11:08:46.767 [info] <0.294.0>@riak_kv_js_vm:init:76 Spidermonkey VM (thread stack: 16MB, max heap: 8MB, pool: riak_kv_js_reduce) host starting (<0.294.0>)
2013-01-15 11:08:46.773 [info] <0.295.0>@riak_kv_js_vm:init:76 Spidermonkey VM (thread stack: 16MB, max heap: 8MB, pool: riak_kv_js_reduce) host starting (<0.295.0>)
2013-01-15 11:08:46.777 [info] <0.296.0>@riak_kv_js_vm:init:76 Spidermonkey VM (thread stack: 16MB, max heap: 8MB, pool: riak_kv_js_reduce) host starting (<0.296.0>)
2013-01-15 11:08:46.778 [info] <0.262.0>@riak_core:wait_for_application:419 Wait complete for application riak_pipe (0 seconds)
2013-01-15 11:08:46.787 [info] <0.297.0>@riak_kv_js_vm:init:76 Spidermonkey VM (thread stack: 16MB, max heap: 8MB, pool: riak_kv_js_reduce) host starting (<0.297.0>)
2013-01-15 11:08:46.793 [info] <0.299.0>@riak_kv_js_vm:init:76 Spidermonkey VM (thread stack: 16MB, max heap: 8MB, pool: riak_kv_js_hook) host starting (<0.299.0>)
2013-01-15 11:08:46.798 [info] <0.301.0>@riak_kv_js_vm:init:76 Spidermonkey VM (thread stack: 16MB, max heap: 8MB, pool: riak_kv_js_hook) host starting (<0.301.0>)
2013-01-15 11:08:47.323 [info] <0.155.0>@riak_core_capability:process_capability_changes:529 New capability: {riak_kv,vnode_vclocks} = true
2013-01-15 11:08:47.330 [info] <0.155.0>@riak_core_capability:process_capability_changes:529 New capability: {riak_kv,legacy_keylisting} = false
2013-01-15 11:08:47.337 [info] <0.155.0>@riak_core_capability:process_capability_changes:529 New capability: {riak_kv,listkeys_backpressure} = true
2013-01-15 11:08:47.343 [info] <0.155.0>@riak_core_capability:process_capability_changes:529 New capability: {riak_kv,mapred_system} = pipe
2013-01-15 11:08:47.349 [info] <0.155.0>@riak_core_capability:process_capability_changes:529 New capability: {riak_kv,mapred_2i_pipe} = true
2013-01-15 11:08:47.373 [info] <0.524.0>@riak_core:wait_for_application:425 Waiting for application riak_kv to start (0 seconds).
2013-01-15 11:08:47.382 [info] <0.7.0> Application riak_kv started on node 'riak246792@127.0.0.1'
2013-01-15 11:08:47.391 [info] <0.7.0> Application merge_index started on node 'riak246792@127.0.0.1'
2013-01-15 11:08:47.393 [info] <0.537.0>@riak_core:wait_for_service:445 Waiting for service riak_kv to start (0 seconds)
2013-01-15 11:08:47.474 [info] <0.524.0>@riak_core:wait_for_application:419 Wait complete for application riak_kv (0 seconds)
2013-01-15 11:08:48.363 [info] <0.537.0>@riak_core:wait_for_service:439 Wait complete for service riak_kv (0 seconds)
2013-01-15 11:08:48.363 [info] <0.271.0>@riak_core:wait_for_service:439 Wait complete for service riak_kv (1 seconds)
2013-01-15 11:08:48.399 [info] <0.1578.0>@riak_core:wait_for_application:425 Waiting for application riak_search to start (0 seconds).
2013-01-15 11:08:48.431 [info] <0.7.0> Application riak_search started on node 'riak246792@127.0.0.1'
2013-01-15 11:08:48.447 [warning] <0.1585.0>@riak_api_pb_listener:get_port:99 The config riak_kv/pb_port has been deprecated and will be removed.  Use riak_api/pb_port in the future.
2013-01-15 11:08:48.447 [warning] <0.1585.0>@riak_api_pb_listener:get_ip:117 The config riak_kv/pb_ip has been deprecated and will be removed.  Use riak_api/pb_ip in the future.
2013-01-15 11:08:48.501 [info] <0.1578.0>@riak_core:wait_for_application:419 Wait complete for application riak_search (0 seconds)
2013-01-15 11:08:48.598 [info] <0.7.0> Application riak_api started on node 'riak246792@127.0.0.1'
2013-01-15 11:08:48.604 [info] <0.7.0> Application cluster_info started on node 'riak246792@127.0.0.1'
2013-01-15 11:08:48.656 [info] <0.7.0> Application riak_control started on node 'riak246792@127.0.0.1'
2013-01-15 11:08:48.656 [info] <0.7.0> Application erlydtl started on node 'riak246792@127.0.0.1'
