2013-01-15 10:33:10.247 [info] <0.7.0> Application lager started on node 'riak738625@127.0.0.1'
2013-01-15 10:33:10.320 [warning] <0.149.0>@riak_core_ring_manager:reload_ring:231 No ring file available.
2013-01-15 10:33:10.431 [info] <0.155.0>@riak_core_capability:process_capability_changes:529 New capability: {riak_core,vnode_routing} = proxy
2013-01-15 10:33:10.440 [info] <0.155.0>@riak_core_capability:process_capability_changes:529 New capability: {riak_core,staged_joins} = true
2013-01-15 10:33:10.445 [info] <0.7.0> Application riak_core started on node 'riak738625@127.0.0.1'
2013-01-15 10:33:10.495 [info] <0.262.0>@riak_core:wait_for_application:425 Waiting for application riak_pipe to start (0 seconds).
2013-01-15 10:33:10.495 [info] <0.7.0> Application riak_pipe started on node 'riak738625@127.0.0.1'
2013-01-15 10:33:10.520 [info] <0.271.0>@riak_core:wait_for_service:445 Waiting for service riak_kv to start (0 seconds)
2013-01-15 10:33:10.562 [info] <0.283.0>@riak_kv_js_vm:init:76 Spidermonkey VM (thread stack: 16MB, max heap: 8MB, pool: riak_kv_js_map) host starting (<0.283.0>)
2013-01-15 10:33:10.565 [info] <0.284.0>@riak_kv_js_vm:init:76 Spidermonkey VM (thread stack: 16MB, max heap: 8MB, pool: riak_kv_js_map) host starting (<0.284.0>)
2013-01-15 10:33:10.569 [info] <0.285.0>@riak_kv_js_vm:init:76 Spidermonkey VM (thread stack: 16MB, max heap: 8MB, pool: riak_kv_js_map) host starting (<0.285.0>)
2013-01-15 10:33:10.572 [info] <0.286.0>@riak_kv_js_vm:init:76 Spidermonkey VM (thread stack: 16MB, max heap: 8MB, pool: riak_kv_js_map) host starting (<0.286.0>)
2013-01-15 10:33:10.576 [info] <0.287.0>@riak_kv_js_vm:init:76 Spidermonkey VM (thread stack: 16MB, max heap: 8MB, pool: riak_kv_js_map) host starting (<0.287.0>)
2013-01-15 10:33:10.579 [info] <0.288.0>@riak_kv_js_vm:init:76 Spidermonkey VM (thread stack: 16MB, max heap: 8MB, pool: riak_kv_js_map) host starting (<0.288.0>)
2013-01-15 10:33:10.582 [info] <0.289.0>@riak_kv_js_vm:init:76 Spidermonkey VM (thread stack: 16MB, max heap: 8MB, pool: riak_kv_js_map) host starting (<0.289.0>)
2013-01-15 10:33:10.586 [info] <0.290.0>@riak_kv_js_vm:init:76 Spidermonkey VM (thread stack: 16MB, max heap: 8MB, pool: riak_kv_js_map) host starting (<0.290.0>)
2013-01-15 10:33:10.589 [info] <0.292.0>@riak_kv_js_vm:init:76 Spidermonkey VM (thread stack: 16MB, max heap: 8MB, pool: riak_kv_js_reduce) host starting (<0.292.0>)
2013-01-15 10:33:10.593 [info] <0.293.0>@riak_kv_js_vm:init:76 Spidermonkey VM (thread stack: 16MB, max heap: 8MB, pool: riak_kv_js_reduce) host starting (<0.293.0>)
2013-01-15 10:33:10.597 [info] <0.262.0>@riak_core:wait_for_application:419 Wait complete for application riak_pipe (0 seconds)
2013-01-15 10:33:10.597 [info] <0.294.0>@riak_kv_js_vm:init:76 Spidermonkey VM (thread stack: 16MB, max heap: 8MB, pool: riak_kv_js_reduce) host starting (<0.294.0>)
2013-01-15 10:33:10.611 [info] <0.295.0>@riak_kv_js_vm:init:76 Spidermonkey VM (thread stack: 16MB, max heap: 8MB, pool: riak_kv_js_reduce) host starting (<0.295.0>)
2013-01-15 10:33:10.616 [info] <0.297.0>@riak_kv_js_vm:init:76 Spidermonkey VM (thread stack: 16MB, max heap: 8MB, pool: riak_kv_js_reduce) host starting (<0.297.0>)
2013-01-15 10:33:10.620 [info] <0.351.0>@riak_kv_js_vm:init:76 Spidermonkey VM (thread stack: 16MB, max heap: 8MB, pool: riak_kv_js_reduce) host starting (<0.351.0>)
2013-01-15 10:33:10.625 [info] <0.409.0>@riak_kv_js_vm:init:76 Spidermonkey VM (thread stack: 16MB, max heap: 8MB, pool: riak_kv_js_hook) host starting (<0.409.0>)
2013-01-15 10:33:10.628 [info] <0.428.0>@riak_kv_js_vm:init:76 Spidermonkey VM (thread stack: 16MB, max heap: 8MB, pool: riak_kv_js_hook) host starting (<0.428.0>)
2013-01-15 10:33:10.955 [info] <0.155.0>@riak_core_capability:process_capability_changes:529 New capability: {riak_kv,vnode_vclocks} = true
2013-01-15 10:33:10.967 [info] <0.155.0>@riak_core_capability:process_capability_changes:529 New capability: {riak_kv,legacy_keylisting} = false
2013-01-15 10:33:10.980 [info] <0.155.0>@riak_core_capability:process_capability_changes:529 New capability: {riak_kv,listkeys_backpressure} = true
2013-01-15 10:33:10.989 [info] <0.155.0>@riak_core_capability:process_capability_changes:529 New capability: {riak_kv,mapred_system} = pipe
2013-01-15 10:33:11.000 [info] <0.155.0>@riak_core_capability:process_capability_changes:529 New capability: {riak_kv,mapred_2i_pipe} = true
2013-01-15 10:33:11.049 [info] <0.524.0>@riak_core:wait_for_application:425 Waiting for application riak_kv to start (0 seconds).
2013-01-15 10:33:11.172 [info] <0.7.0> Application riak_kv started on node 'riak738625@127.0.0.1'
2013-01-15 10:33:11.197 [info] <0.7.0> Application merge_index started on node 'riak738625@127.0.0.1'
2013-01-15 10:33:11.200 [info] <0.537.0>@riak_core:wait_for_service:445 Waiting for service riak_kv to start (0 seconds)
2013-01-15 10:33:11.256 [info] <0.524.0>@riak_core:wait_for_application:419 Wait complete for application riak_kv (0 seconds)
2013-01-15 10:33:11.604 [info] <0.537.0>@riak_core:wait_for_service:439 Wait complete for service riak_kv (0 seconds)
2013-01-15 10:33:11.633 [info] <0.1578.0>@riak_core:wait_for_application:425 Waiting for application riak_search to start (0 seconds).
2013-01-15 10:33:11.637 [info] <0.271.0>@riak_core:wait_for_service:439 Wait complete for service riak_kv (1 seconds)
2013-01-15 10:33:11.640 [info] <0.7.0> Application riak_search started on node 'riak738625@127.0.0.1'
2013-01-15 10:33:11.656 [warning] <0.1585.0>@riak_api_pb_listener:get_port:99 The config riak_kv/pb_port has been deprecated and will be removed.  Use riak_api/pb_port in the future.
2013-01-15 10:33:11.656 [warning] <0.1585.0>@riak_api_pb_listener:get_ip:117 The config riak_kv/pb_ip has been deprecated and will be removed.  Use riak_api/pb_ip in the future.
2013-01-15 10:33:11.669 [info] <0.7.0> Application riak_api started on node 'riak738625@127.0.0.1'
2013-01-15 10:33:11.675 [info] <0.7.0> Application cluster_info started on node 'riak738625@127.0.0.1'
2013-01-15 10:33:11.683 [info] <0.7.0> Application riak_control started on node 'riak738625@127.0.0.1'
2013-01-15 10:33:11.684 [info] <0.7.0> Application erlydtl started on node 'riak738625@127.0.0.1'
2013-01-15 10:33:11.738 [info] <0.1578.0>@riak_core:wait_for_application:419 Wait complete for application riak_search (0 seconds)
2013-01-15 10:53:09.881 [error] <0.69.0> gen_server memsup terminated with reason: no case clause matching {more,"Pages free:~d.",0,[]} in memsup:fread_value/2 line 762
2013-01-15 10:53:09.893 [info] <0.294.0>@riak_kv_js_vm:terminate:240 Spidermonkey VM (pool: riak_kv_js_reduce) host stopping (<0.294.0>)
2013-01-15 10:53:09.893 [info] <0.297.0>@riak_kv_js_vm:terminate:240 Spidermonkey VM (pool: riak_kv_js_reduce) host stopping (<0.297.0>)
2013-01-15 10:53:09.894 [info] <0.351.0>@riak_kv_js_vm:terminate:240 Spidermonkey VM (pool: riak_kv_js_reduce) host stopping (<0.351.0>)
2013-01-15 10:53:09.894 [info] <0.295.0>@riak_kv_js_vm:terminate:240 Spidermonkey VM (pool: riak_kv_js_reduce) host stopping (<0.295.0>)
2013-01-15 10:53:09.894 [info] <0.285.0>@riak_kv_js_vm:terminate:240 Spidermonkey VM (pool: riak_kv_js_map) host stopping (<0.285.0>)
2013-01-15 10:53:09.895 [info] <0.284.0>@riak_kv_js_vm:terminate:240 Spidermonkey VM (pool: riak_kv_js_map) host stopping (<0.284.0>)
2013-01-15 10:53:09.895 [info] <0.288.0>@riak_kv_js_vm:terminate:240 Spidermonkey VM (pool: riak_kv_js_map) host stopping (<0.288.0>)
2013-01-15 10:53:09.895 [info] <0.286.0>@riak_kv_js_vm:terminate:240 Spidermonkey VM (pool: riak_kv_js_map) host stopping (<0.286.0>)
2013-01-15 10:53:09.896 [info] <0.283.0>@riak_kv_js_vm:terminate:240 Spidermonkey VM (pool: riak_kv_js_map) host stopping (<0.283.0>)
2013-01-15 10:53:09.932 [error] <0.69.0> CRASH REPORT Process memsup with 0 neighbours exited with reason: no case clause matching {more,"Pages free:~d.",0,[]} in memsup:fread_value/2 line 762 in gen_server:terminate/6 line 747
2013-01-15 11:09:08.661 [info] <0.7.0> Application lager started on node 'riak738625@127.0.0.1'
2013-01-15 11:09:08.808 [info] <0.149.0>@riak_core_ring_manager:reload_ring:226 Upgrading legacy ring
2013-01-15 11:09:09.031 [info] <0.155.0>@riak_core_capability:process_capability_changes:529 New capability: {riak_core,vnode_routing} = proxy
2013-01-15 11:09:09.038 [info] <0.155.0>@riak_core_capability:process_capability_changes:529 New capability: {riak_core,staged_joins} = true
2013-01-15 11:09:09.044 [info] <0.7.0> Application riak_core started on node 'riak738625@127.0.0.1'
2013-01-15 11:09:09.142 [info] <0.262.0>@riak_core:wait_for_application:425 Waiting for application riak_pipe to start (0 seconds).
2013-01-15 11:09:09.143 [info] <0.7.0> Application riak_pipe started on node 'riak738625@127.0.0.1'
2013-01-15 11:09:09.196 [info] <0.271.0>@riak_core:wait_for_service:445 Waiting for service riak_kv to start (0 seconds)
2013-01-15 11:09:09.239 [info] <0.283.0>@riak_kv_js_vm:init:76 Spidermonkey VM (thread stack: 16MB, max heap: 8MB, pool: riak_kv_js_map) host starting (<0.283.0>)
2013-01-15 11:09:09.243 [info] <0.284.0>@riak_kv_js_vm:init:76 Spidermonkey VM (thread stack: 16MB, max heap: 8MB, pool: riak_kv_js_map) host starting (<0.284.0>)
2013-01-15 11:09:09.243 [info] <0.262.0>@riak_core:wait_for_application:419 Wait complete for application riak_pipe (0 seconds)
2013-01-15 11:09:09.247 [info] <0.285.0>@riak_kv_js_vm:init:76 Spidermonkey VM (thread stack: 16MB, max heap: 8MB, pool: riak_kv_js_map) host starting (<0.285.0>)
2013-01-15 11:09:09.258 [info] <0.286.0>@riak_kv_js_vm:init:76 Spidermonkey VM (thread stack: 16MB, max heap: 8MB, pool: riak_kv_js_map) host starting (<0.286.0>)
2013-01-15 11:09:09.265 [info] <0.288.0>@riak_kv_js_vm:init:76 Spidermonkey VM (thread stack: 16MB, max heap: 8MB, pool: riak_kv_js_map) host starting (<0.288.0>)
2013-01-15 11:09:09.272 [info] <0.346.0>@riak_kv_js_vm:init:76 Spidermonkey VM (thread stack: 16MB, max heap: 8MB, pool: riak_kv_js_map) host starting (<0.346.0>)
2013-01-15 11:09:09.275 [info] <0.417.0>@riak_kv_js_vm:init:76 Spidermonkey VM (thread stack: 16MB, max heap: 8MB, pool: riak_kv_js_map) host starting (<0.417.0>)
2013-01-15 11:09:09.279 [info] <0.418.0>@riak_kv_js_vm:init:76 Spidermonkey VM (thread stack: 16MB, max heap: 8MB, pool: riak_kv_js_map) host starting (<0.418.0>)
2013-01-15 11:09:09.282 [info] <0.420.0>@riak_kv_js_vm:init:76 Spidermonkey VM (thread stack: 16MB, max heap: 8MB, pool: riak_kv_js_reduce) host starting (<0.420.0>)
2013-01-15 11:09:09.286 [info] <0.421.0>@riak_kv_js_vm:init:76 Spidermonkey VM (thread stack: 16MB, max heap: 8MB, pool: riak_kv_js_reduce) host starting (<0.421.0>)
2013-01-15 11:09:09.290 [info] <0.422.0>@riak_kv_js_vm:init:76 Spidermonkey VM (thread stack: 16MB, max heap: 8MB, pool: riak_kv_js_reduce) host starting (<0.422.0>)
2013-01-15 11:09:09.293 [info] <0.423.0>@riak_kv_js_vm:init:76 Spidermonkey VM (thread stack: 16MB, max heap: 8MB, pool: riak_kv_js_reduce) host starting (<0.423.0>)
2013-01-15 11:09:09.297 [info] <0.424.0>@riak_kv_js_vm:init:76 Spidermonkey VM (thread stack: 16MB, max heap: 8MB, pool: riak_kv_js_reduce) host starting (<0.424.0>)
2013-01-15 11:09:09.306 [info] <0.425.0>@riak_kv_js_vm:init:76 Spidermonkey VM (thread stack: 16MB, max heap: 8MB, pool: riak_kv_js_reduce) host starting (<0.425.0>)
2013-01-15 11:09:09.310 [info] <0.427.0>@riak_kv_js_vm:init:76 Spidermonkey VM (thread stack: 16MB, max heap: 8MB, pool: riak_kv_js_hook) host starting (<0.427.0>)
2013-01-15 11:09:09.314 [info] <0.428.0>@riak_kv_js_vm:init:76 Spidermonkey VM (thread stack: 16MB, max heap: 8MB, pool: riak_kv_js_hook) host starting (<0.428.0>)
2013-01-15 11:09:09.904 [info] <0.155.0>@riak_core_capability:process_capability_changes:529 New capability: {riak_kv,vnode_vclocks} = true
2013-01-15 11:09:09.911 [info] <0.155.0>@riak_core_capability:process_capability_changes:529 New capability: {riak_kv,legacy_keylisting} = false
2013-01-15 11:09:09.917 [info] <0.155.0>@riak_core_capability:process_capability_changes:529 New capability: {riak_kv,listkeys_backpressure} = true
2013-01-15 11:09:09.923 [info] <0.155.0>@riak_core_capability:process_capability_changes:529 New capability: {riak_kv,mapred_system} = pipe
2013-01-15 11:09:09.929 [info] <0.155.0>@riak_core_capability:process_capability_changes:529 New capability: {riak_kv,mapred_2i_pipe} = true
2013-01-15 11:09:09.950 [info] <0.524.0>@riak_core:wait_for_application:425 Waiting for application riak_kv to start (0 seconds).
2013-01-15 11:09:09.965 [info] <0.7.0> Application riak_kv started on node 'riak738625@127.0.0.1'
2013-01-15 11:09:09.975 [info] <0.7.0> Application merge_index started on node 'riak738625@127.0.0.1'
2013-01-15 11:09:09.978 [info] <0.537.0>@riak_core:wait_for_service:445 Waiting for service riak_kv to start (0 seconds)
2013-01-15 11:09:10.052 [info] <0.524.0>@riak_core:wait_for_application:419 Wait complete for application riak_kv (0 seconds)
2013-01-15 11:09:10.384 [info] <0.537.0>@riak_core:wait_for_service:439 Wait complete for service riak_kv (0 seconds)
2013-01-15 11:09:10.408 [info] <0.271.0>@riak_core:wait_for_service:439 Wait complete for service riak_kv (1 seconds)
2013-01-15 11:09:10.415 [info] <0.1578.0>@riak_core:wait_for_application:425 Waiting for application riak_search to start (0 seconds).
2013-01-15 11:09:10.422 [info] <0.7.0> Application riak_search started on node 'riak738625@127.0.0.1'
2013-01-15 11:09:10.430 [warning] <0.1585.0>@riak_api_pb_listener:get_port:99 The config riak_kv/pb_port has been deprecated and will be removed.  Use riak_api/pb_port in the future.
2013-01-15 11:09:10.431 [warning] <0.1585.0>@riak_api_pb_listener:get_ip:117 The config riak_kv/pb_ip has been deprecated and will be removed.  Use riak_api/pb_ip in the future.
2013-01-15 11:09:10.442 [info] <0.7.0> Application riak_api started on node 'riak738625@127.0.0.1'
2013-01-15 11:09:10.447 [info] <0.7.0> Application cluster_info started on node 'riak738625@127.0.0.1'
2013-01-15 11:09:10.453 [info] <0.7.0> Application riak_control started on node 'riak738625@127.0.0.1'
2013-01-15 11:09:10.453 [info] <0.7.0> Application erlydtl started on node 'riak738625@127.0.0.1'
2013-01-15 11:09:10.517 [info] <0.1578.0>@riak_core:wait_for_application:419 Wait complete for application riak_search (0 seconds)
