

Started GET "/" for 127.0.0.1 at 2013-09-29 19:23:17 +0200

ArgumentError (A secret is required to generate an integrity hash for cookie session data. Use config.secret_token = "some secret phrase of at least 30 characters"in config/initializers/secret_token.rb):
  actionpack (3.2.2) lib/action_dispatch/middleware/cookies.rb:316:in `ensure_secret_secure'
  actionpack (3.2.2) lib/action_dispatch/middleware/cookies.rb:281:in `initialize'
  actionpack (3.2.2) lib/action_dispatch/middleware/cookies.rb:228:in `new'
  actionpack (3.2.2) lib/action_dispatch/middleware/cookies.rb:228:in `signed'
  actionpack (3.2.2) lib/action_dispatch/middleware/session/cookie_store.rb:53:in `block in unpacked_cookie_data'
  actionpack (3.2.2) lib/action_dispatch/middleware/session/abstract_store.rb:55:in `stale_session_check!'
  actionpack (3.2.2) lib/action_dispatch/middleware/session/cookie_store.rb:51:in `unpacked_cookie_data'
  rack (1.4.5) lib/rack/session/cookie.rb:107:in `extract_session_id'
  actionpack (3.2.2) lib/action_dispatch/middleware/session/abstract_store.rb:51:in `block in extract_session_id'
  actionpack (3.2.2) lib/action_dispatch/middleware/session/abstract_store.rb:55:in `stale_session_check!'
  actionpack (3.2.2) lib/action_dispatch/middleware/session/abstract_store.rb:51:in `extract_session_id'
  rack (1.4.5) lib/rack/session/abstract/id.rb:43:in `load_session_id!'
  rack (1.4.5) lib/rack/session/abstract/id.rb:32:in `[]'
  rack (1.4.5) lib/rack/session/abstract/id.rb:267:in `current_session_id'
  rack (1.4.5) lib/rack/session/abstract/id.rb:273:in `session_exists?'
  rack (1.4.5) lib/rack/session/abstract/id.rb:107:in `exists?'
  rack (1.4.5) lib/rack/session/abstract/id.rb:127:in `load_for_read!'
  rack (1.4.5) lib/rack/session/abstract/id.rb:64:in `has_key?'
  actionpack (3.2.2) lib/action_dispatch/middleware/flash.rb:258:in `ensure in call'
  actionpack (3.2.2) lib/action_dispatch/middleware/flash.rb:259:in `call'
  rack (1.4.5) lib/rack/session/abstract/id.rb:210:in `context'
  rack (1.4.5) lib/rack/session/abstract/id.rb:205:in `call'
  actionpack (3.2.2) lib/action_dispatch/middleware/cookies.rb:338:in `call'
  actionpack (3.2.2) lib/action_dispatch/middleware/callbacks.rb:28:in `block in call'
  activesupport (3.2.2) lib/active_support/callbacks.rb:405:in `_run__2256970343119556669__call__2944575977497840191__callbacks'
  activesupport (3.2.2) lib/active_support/callbacks.rb:405:in `__run_callback'
  activesupport (3.2.2) lib/active_support/callbacks.rb:385:in `_run_call_callbacks'
  activesupport (3.2.2) lib/active_support/callbacks.rb:81:in `run_callbacks'
  actionpack (3.2.2) lib/action_dispatch/middleware/callbacks.rb:27:in `call'
  actionpack (3.2.2) lib/action_dispatch/middleware/reloader.rb:65:in `call'
  actionpack (3.2.2) lib/action_dispatch/middleware/remote_ip.rb:31:in `call'
  actionpack (3.2.2) lib/action_dispatch/middleware/debug_exceptions.rb:16:in `call'
  actionpack (3.2.2) lib/action_dispatch/middleware/show_exceptions.rb:56:in `call'
  railties (3.2.2) lib/rails/rack/logger.rb:26:in `call_app'
  railties (3.2.2) lib/rails/rack/logger.rb:16:in `call'
  actionpack (3.2.2) lib/action_dispatch/middleware/request_id.rb:22:in `call'
  rack (1.4.5) lib/rack/methodoverride.rb:21:in `call'
  rack (1.4.5) lib/rack/runtime.rb:17:in `call'
  activesupport (3.2.2) lib/active_support/cache/strategy/local_cache.rb:72:in `call'
  rack (1.4.5) lib/rack/lock.rb:15:in `call'
  actionpack (3.2.2) lib/action_dispatch/middleware/static.rb:61:in `call'
  railties (3.2.2) lib/rails/engine.rb:479:in `call'
  railties (3.2.2) lib/rails/application.rb:220:in `call'
  railties (3.2.2) lib/rails/railtie/configurable.rb:30:in `method_missing'
  rack (1.4.5) lib/rack/lint.rb:48:in `_call'
  rack (1.4.5) lib/rack/lint.rb:36:in `call'
  rack (1.4.5) lib/rack/showexceptions.rb:24:in `call'
  rack (1.4.5) lib/rack/commonlogger.rb:33:in `call'
  rack (1.4.5) lib/rack/chunked.rb:43:in `call'
  rack (1.4.5) lib/rack/content_length.rb:14:in `call'
  rack (1.4.5) lib/rack/handler/webrick.rb:59:in `service'
  /Users/jorgemoscat/.rvm/rubies/ruby-1.9.3-p0/lib/ruby/1.9.1/webrick/httpserver.rb:138:in `service'
  /Users/jorgemoscat/.rvm/rubies/ruby-1.9.3-p0/lib/ruby/1.9.1/webrick/httpserver.rb:94:in `run'
  /Users/jorgemoscat/.rvm/rubies/ruby-1.9.3-p0/lib/ruby/1.9.1/webrick/server.rb:191:in `block in start_thread'




Started GET "/sidekiq" for 127.0.0.1 at 2013-09-29 19:23:23 +0200

ArgumentError (A secret is required to generate an integrity hash for cookie session data. Use config.secret_token = "some secret phrase of at least 30 characters"in config/initializers/secret_token.rb):
  actionpack (3.2.2) lib/action_dispatch/middleware/cookies.rb:316:in `ensure_secret_secure'
  actionpack (3.2.2) lib/action_dispatch/middleware/cookies.rb:281:in `initialize'
  actionpack (3.2.2) lib/action_dispatch/middleware/cookies.rb:228:in `new'
  actionpack (3.2.2) lib/action_dispatch/middleware/cookies.rb:228:in `signed'
  actionpack (3.2.2) lib/action_dispatch/middleware/session/cookie_store.rb:53:in `block in unpacked_cookie_data'
  actionpack (3.2.2) lib/action_dispatch/middleware/session/abstract_store.rb:55:in `stale_session_check!'
  actionpack (3.2.2) lib/action_dispatch/middleware/session/cookie_store.rb:51:in `unpacked_cookie_data'
  rack (1.4.5) lib/rack/session/cookie.rb:107:in `extract_session_id'
  actionpack (3.2.2) lib/action_dispatch/middleware/session/abstract_store.rb:51:in `block in extract_session_id'
  actionpack (3.2.2) lib/action_dispatch/middleware/session/abstract_store.rb:55:in `stale_session_check!'
  actionpack (3.2.2) lib/action_dispatch/middleware/session/abstract_store.rb:51:in `extract_session_id'
  rack (1.4.5) lib/rack/session/abstract/id.rb:43:in `load_session_id!'
  rack (1.4.5) lib/rack/session/abstract/id.rb:32:in `[]'
  rack (1.4.5) lib/rack/session/abstract/id.rb:267:in `current_session_id'
  rack (1.4.5) lib/rack/session/abstract/id.rb:273:in `session_exists?'
  rack (1.4.5) lib/rack/session/abstract/id.rb:107:in `exists?'
  rack (1.4.5) lib/rack/session/abstract/id.rb:127:in `load_for_read!'
  rack (1.4.5) lib/rack/session/abstract/id.rb:64:in `has_key?'
  actionpack (3.2.2) lib/action_dispatch/middleware/flash.rb:258:in `ensure in call'
  actionpack (3.2.2) lib/action_dispatch/middleware/flash.rb:259:in `call'
  rack (1.4.5) lib/rack/session/abstract/id.rb:210:in `context'
  rack (1.4.5) lib/rack/session/abstract/id.rb:205:in `call'
  actionpack (3.2.2) lib/action_dispatch/middleware/cookies.rb:338:in `call'
  actionpack (3.2.2) lib/action_dispatch/middleware/callbacks.rb:28:in `block in call'
  activesupport (3.2.2) lib/active_support/callbacks.rb:405:in `_run__2256970343119556669__call__2944575977497840191__callbacks'
  activesupport (3.2.2) lib/active_support/callbacks.rb:405:in `__run_callback'
  activesupport (3.2.2) lib/active_support/callbacks.rb:385:in `_run_call_callbacks'
  activesupport (3.2.2) lib/active_support/callbacks.rb:81:in `run_callbacks'
  actionpack (3.2.2) lib/action_dispatch/middleware/callbacks.rb:27:in `call'
  actionpack (3.2.2) lib/action_dispatch/middleware/reloader.rb:65:in `call'
  actionpack (3.2.2) lib/action_dispatch/middleware/remote_ip.rb:31:in `call'
  actionpack (3.2.2) lib/action_dispatch/middleware/debug_exceptions.rb:16:in `call'
  actionpack (3.2.2) lib/action_dispatch/middleware/show_exceptions.rb:56:in `call'
  railties (3.2.2) lib/rails/rack/logger.rb:26:in `call_app'
  railties (3.2.2) lib/rails/rack/logger.rb:16:in `call'
  actionpack (3.2.2) lib/action_dispatch/middleware/request_id.rb:22:in `call'
  rack (1.4.5) lib/rack/methodoverride.rb:21:in `call'
  rack (1.4.5) lib/rack/runtime.rb:17:in `call'
  activesupport (3.2.2) lib/active_support/cache/strategy/local_cache.rb:72:in `call'
  rack (1.4.5) lib/rack/lock.rb:15:in `call'
  actionpack (3.2.2) lib/action_dispatch/middleware/static.rb:61:in `call'
  railties (3.2.2) lib/rails/engine.rb:479:in `call'
  railties (3.2.2) lib/rails/application.rb:220:in `call'
  railties (3.2.2) lib/rails/railtie/configurable.rb:30:in `method_missing'
  rack (1.4.5) lib/rack/lint.rb:48:in `_call'
  rack (1.4.5) lib/rack/lint.rb:36:in `call'
  rack (1.4.5) lib/rack/showexceptions.rb:24:in `call'
  rack (1.4.5) lib/rack/commonlogger.rb:33:in `call'
  rack (1.4.5) lib/rack/chunked.rb:43:in `call'
  rack (1.4.5) lib/rack/content_length.rb:14:in `call'
  rack (1.4.5) lib/rack/handler/webrick.rb:59:in `service'
  /Users/jorgemoscat/.rvm/rubies/ruby-1.9.3-p0/lib/ruby/1.9.1/webrick/httpserver.rb:138:in `service'
  /Users/jorgemoscat/.rvm/rubies/ruby-1.9.3-p0/lib/ruby/1.9.1/webrick/httpserver.rb:94:in `run'
  /Users/jorgemoscat/.rvm/rubies/ruby-1.9.3-p0/lib/ruby/1.9.1/webrick/server.rb:191:in `block in start_thread'




Started GET "/favicon.ico" for 127.0.0.1 at 2013-09-29 19:23:23 +0200

ArgumentError (A secret is required to generate an integrity hash for cookie session data. Use config.secret_token = "some secret phrase of at least 30 characters"in config/initializers/secret_token.rb):
  actionpack (3.2.2) lib/action_dispatch/middleware/cookies.rb:316:in `ensure_secret_secure'
  actionpack (3.2.2) lib/action_dispatch/middleware/cookies.rb:281:in `initialize'
  actionpack (3.2.2) lib/action_dispatch/middleware/cookies.rb:228:in `new'
  actionpack (3.2.2) lib/action_dispatch/middleware/cookies.rb:228:in `signed'
  actionpack (3.2.2) lib/action_dispatch/middleware/session/cookie_store.rb:53:in `block in unpacked_cookie_data'
  actionpack (3.2.2) lib/action_dispatch/middleware/session/abstract_store.rb:55:in `stale_session_check!'
  actionpack (3.2.2) lib/action_dispatch/middleware/session/cookie_store.rb:51:in `unpacked_cookie_data'
  rack (1.4.5) lib/rack/session/cookie.rb:107:in `extract_session_id'
  actionpack (3.2.2) lib/action_dispatch/middleware/session/abstract_store.rb:51:in `block in extract_session_id'
  actionpack (3.2.2) lib/action_dispatch/middleware/session/abstract_store.rb:55:in `stale_session_check!'
  actionpack (3.2.2) lib/action_dispatch/middleware/session/abstract_store.rb:51:in `extract_session_id'
  rack (1.4.5) lib/rack/session/abstract/id.rb:43:in `load_session_id!'
  rack (1.4.5) lib/rack/session/abstract/id.rb:32:in `[]'
  rack (1.4.5) lib/rack/session/abstract/id.rb:267:in `current_session_id'
  rack (1.4.5) lib/rack/session/abstract/id.rb:273:in `session_exists?'
  rack (1.4.5) lib/rack/session/abstract/id.rb:107:in `exists?'
  rack (1.4.5) lib/rack/session/abstract/id.rb:127:in `load_for_read!'
  rack (1.4.5) lib/rack/session/abstract/id.rb:64:in `has_key?'
  actionpack (3.2.2) lib/action_dispatch/middleware/flash.rb:258:in `ensure in call'
  actionpack (3.2.2) lib/action_dispatch/middleware/flash.rb:259:in `call'
  rack (1.4.5) lib/rack/session/abstract/id.rb:210:in `context'
  rack (1.4.5) lib/rack/session/abstract/id.rb:205:in `call'
  actionpack (3.2.2) lib/action_dispatch/middleware/cookies.rb:338:in `call'
  actionpack (3.2.2) lib/action_dispatch/middleware/callbacks.rb:28:in `block in call'
  activesupport (3.2.2) lib/active_support/callbacks.rb:405:in `_run__2256970343119556669__call__2944575977497840191__callbacks'
  activesupport (3.2.2) lib/active_support/callbacks.rb:405:in `__run_callback'
  activesupport (3.2.2) lib/active_support/callbacks.rb:385:in `_run_call_callbacks'
  activesupport (3.2.2) lib/active_support/callbacks.rb:81:in `run_callbacks'
  actionpack (3.2.2) lib/action_dispatch/middleware/callbacks.rb:27:in `call'
  actionpack (3.2.2) lib/action_dispatch/middleware/reloader.rb:65:in `call'
  actionpack (3.2.2) lib/action_dispatch/middleware/remote_ip.rb:31:in `call'
  actionpack (3.2.2) lib/action_dispatch/middleware/debug_exceptions.rb:16:in `call'
  actionpack (3.2.2) lib/action_dispatch/middleware/show_exceptions.rb:56:in `call'
  railties (3.2.2) lib/rails/rack/logger.rb:26:in `call_app'
  railties (3.2.2) lib/rails/rack/logger.rb:16:in `call'
  actionpack (3.2.2) lib/action_dispatch/middleware/request_id.rb:22:in `call'
  rack (1.4.5) lib/rack/methodoverride.rb:21:in `call'
  rack (1.4.5) lib/rack/runtime.rb:17:in `call'
  activesupport (3.2.2) lib/active_support/cache/strategy/local_cache.rb:72:in `call'
  rack (1.4.5) lib/rack/lock.rb:15:in `call'
  actionpack (3.2.2) lib/action_dispatch/middleware/static.rb:61:in `call'
  railties (3.2.2) lib/rails/engine.rb:479:in `call'
  railties (3.2.2) lib/rails/application.rb:220:in `call'
  railties (3.2.2) lib/rails/railtie/configurable.rb:30:in `method_missing'
  rack (1.4.5) lib/rack/lint.rb:48:in `_call'
  rack (1.4.5) lib/rack/lint.rb:36:in `call'
  rack (1.4.5) lib/rack/showexceptions.rb:24:in `call'
  rack (1.4.5) lib/rack/commonlogger.rb:33:in `call'
  rack (1.4.5) lib/rack/chunked.rb:43:in `call'
  rack (1.4.5) lib/rack/content_length.rb:14:in `call'
  rack (1.4.5) lib/rack/handler/webrick.rb:59:in `service'
  /Users/jorgemoscat/.rvm/rubies/ruby-1.9.3-p0/lib/ruby/1.9.1/webrick/httpserver.rb:138:in `service'
  /Users/jorgemoscat/.rvm/rubies/ruby-1.9.3-p0/lib/ruby/1.9.1/webrick/httpserver.rb:94:in `run'
  /Users/jorgemoscat/.rvm/rubies/ruby-1.9.3-p0/lib/ruby/1.9.1/webrick/server.rb:191:in `block in start_thread'




Started GET "/sidekiq" for 127.0.0.1 at 2013-09-29 19:23:35 +0200

ArgumentError (A secret is required to generate an integrity hash for cookie session data. Use config.secret_token = "some secret phrase of at least 30 characters"in config/initializers/secret_token.rb):
  actionpack (3.2.2) lib/action_dispatch/middleware/cookies.rb:316:in `ensure_secret_secure'
  actionpack (3.2.2) lib/action_dispatch/middleware/cookies.rb:281:in `initialize'
  actionpack (3.2.2) lib/action_dispatch/middleware/cookies.rb:228:in `new'
  actionpack (3.2.2) lib/action_dispatch/middleware/cookies.rb:228:in `signed'
  actionpack (3.2.2) lib/action_dispatch/middleware/session/cookie_store.rb:53:in `block in unpacked_cookie_data'
  actionpack (3.2.2) lib/action_dispatch/middleware/session/abstract_store.rb:55:in `stale_session_check!'
  actionpack (3.2.2) lib/action_dispatch/middleware/session/cookie_store.rb:51:in `unpacked_cookie_data'
  rack (1.4.5) lib/rack/session/cookie.rb:107:in `extract_session_id'
  actionpack (3.2.2) lib/action_dispatch/middleware/session/abstract_store.rb:51:in `block in extract_session_id'
  actionpack (3.2.2) lib/action_dispatch/middleware/session/abstract_store.rb:55:in `stale_session_check!'
  actionpack (3.2.2) lib/action_dispatch/middleware/session/abstract_store.rb:51:in `extract_session_id'
  rack (1.4.5) lib/rack/session/abstract/id.rb:43:in `load_session_id!'
  rack (1.4.5) lib/rack/session/abstract/id.rb:32:in `[]'
  rack (1.4.5) lib/rack/session/abstract/id.rb:267:in `current_session_id'
  rack (1.4.5) lib/rack/session/abstract/id.rb:273:in `session_exists?'
  rack (1.4.5) lib/rack/session/abstract/id.rb:107:in `exists?'
  rack (1.4.5) lib/rack/session/abstract/id.rb:127:in `load_for_read!'
  rack (1.4.5) lib/rack/session/abstract/id.rb:64:in `has_key?'
  actionpack (3.2.2) lib/action_dispatch/middleware/flash.rb:258:in `ensure in call'
  actionpack (3.2.2) lib/action_dispatch/middleware/flash.rb:259:in `call'
  rack (1.4.5) lib/rack/session/abstract/id.rb:210:in `context'
  rack (1.4.5) lib/rack/session/abstract/id.rb:205:in `call'
  actionpack (3.2.2) lib/action_dispatch/middleware/cookies.rb:338:in `call'
  actionpack (3.2.2) lib/action_dispatch/middleware/callbacks.rb:28:in `block in call'
  activesupport (3.2.2) lib/active_support/callbacks.rb:405:in `_run__2256970343119556669__call__2944575977497840191__callbacks'
  activesupport (3.2.2) lib/active_support/callbacks.rb:405:in `__run_callback'
  activesupport (3.2.2) lib/active_support/callbacks.rb:385:in `_run_call_callbacks'
  activesupport (3.2.2) lib/active_support/callbacks.rb:81:in `run_callbacks'
  actionpack (3.2.2) lib/action_dispatch/middleware/callbacks.rb:27:in `call'
  actionpack (3.2.2) lib/action_dispatch/middleware/reloader.rb:65:in `call'
  actionpack (3.2.2) lib/action_dispatch/middleware/remote_ip.rb:31:in `call'
  actionpack (3.2.2) lib/action_dispatch/middleware/debug_exceptions.rb:16:in `call'
  actionpack (3.2.2) lib/action_dispatch/middleware/show_exceptions.rb:56:in `call'
  railties (3.2.2) lib/rails/rack/logger.rb:26:in `call_app'
  railties (3.2.2) lib/rails/rack/logger.rb:16:in `call'
  actionpack (3.2.2) lib/action_dispatch/middleware/request_id.rb:22:in `call'
  rack (1.4.5) lib/rack/methodoverride.rb:21:in `call'
  rack (1.4.5) lib/rack/runtime.rb:17:in `call'
  activesupport (3.2.2) lib/active_support/cache/strategy/local_cache.rb:72:in `call'
  rack (1.4.5) lib/rack/lock.rb:15:in `call'
  actionpack (3.2.2) lib/action_dispatch/middleware/static.rb:61:in `call'
  railties (3.2.2) lib/rails/engine.rb:479:in `call'
  railties (3.2.2) lib/rails/application.rb:220:in `call'
  railties (3.2.2) lib/rails/railtie/configurable.rb:30:in `method_missing'
  rack (1.4.5) lib/rack/lint.rb:48:in `_call'
  rack (1.4.5) lib/rack/lint.rb:36:in `call'
  rack (1.4.5) lib/rack/showexceptions.rb:24:in `call'
  rack (1.4.5) lib/rack/commonlogger.rb:33:in `call'
  rack (1.4.5) lib/rack/chunked.rb:43:in `call'
  rack (1.4.5) lib/rack/content_length.rb:14:in `call'
  rack (1.4.5) lib/rack/handler/webrick.rb:59:in `service'
  /Users/jorgemoscat/.rvm/rubies/ruby-1.9.3-p0/lib/ruby/1.9.1/webrick/httpserver.rb:138:in `service'
  /Users/jorgemoscat/.rvm/rubies/ruby-1.9.3-p0/lib/ruby/1.9.1/webrick/httpserver.rb:94:in `run'
  /Users/jorgemoscat/.rvm/rubies/ruby-1.9.3-p0/lib/ruby/1.9.1/webrick/server.rb:191:in `block in start_thread'




Started GET "/favicon.ico" for 127.0.0.1 at 2013-09-29 19:23:35 +0200

ArgumentError (A secret is required to generate an integrity hash for cookie session data. Use config.secret_token = "some secret phrase of at least 30 characters"in config/initializers/secret_token.rb):
  actionpack (3.2.2) lib/action_dispatch/middleware/cookies.rb:316:in `ensure_secret_secure'
  actionpack (3.2.2) lib/action_dispatch/middleware/cookies.rb:281:in `initialize'
  actionpack (3.2.2) lib/action_dispatch/middleware/cookies.rb:228:in `new'
  actionpack (3.2.2) lib/action_dispatch/middleware/cookies.rb:228:in `signed'
  actionpack (3.2.2) lib/action_dispatch/middleware/session/cookie_store.rb:53:in `block in unpacked_cookie_data'
  actionpack (3.2.2) lib/action_dispatch/middleware/session/abstract_store.rb:55:in `stale_session_check!'
  actionpack (3.2.2) lib/action_dispatch/middleware/session/cookie_store.rb:51:in `unpacked_cookie_data'
  rack (1.4.5) lib/rack/session/cookie.rb:107:in `extract_session_id'
  actionpack (3.2.2) lib/action_dispatch/middleware/session/abstract_store.rb:51:in `block in extract_session_id'
  actionpack (3.2.2) lib/action_dispatch/middleware/session/abstract_store.rb:55:in `stale_session_check!'
  actionpack (3.2.2) lib/action_dispatch/middleware/session/abstract_store.rb:51:in `extract_session_id'
  rack (1.4.5) lib/rack/session/abstract/id.rb:43:in `load_session_id!'
  rack (1.4.5) lib/rack/session/abstract/id.rb:32:in `[]'
  rack (1.4.5) lib/rack/session/abstract/id.rb:267:in `current_session_id'
  rack (1.4.5) lib/rack/session/abstract/id.rb:273:in `session_exists?'
  rack (1.4.5) lib/rack/session/abstract/id.rb:107:in `exists?'
  rack (1.4.5) lib/rack/session/abstract/id.rb:127:in `load_for_read!'
  rack (1.4.5) lib/rack/session/abstract/id.rb:64:in `has_key?'
  actionpack (3.2.2) lib/action_dispatch/middleware/flash.rb:258:in `ensure in call'
  actionpack (3.2.2) lib/action_dispatch/middleware/flash.rb:259:in `call'
  rack (1.4.5) lib/rack/session/abstract/id.rb:210:in `context'
  rack (1.4.5) lib/rack/session/abstract/id.rb:205:in `call'
  actionpack (3.2.2) lib/action_dispatch/middleware/cookies.rb:338:in `call'
  actionpack (3.2.2) lib/action_dispatch/middleware/callbacks.rb:28:in `block in call'
  activesupport (3.2.2) lib/active_support/callbacks.rb:405:in `_run__2256970343119556669__call__2944575977497840191__callbacks'
  activesupport (3.2.2) lib/active_support/callbacks.rb:405:in `__run_callback'
  activesupport (3.2.2) lib/active_support/callbacks.rb:385:in `_run_call_callbacks'
  activesupport (3.2.2) lib/active_support/callbacks.rb:81:in `run_callbacks'
  actionpack (3.2.2) lib/action_dispatch/middleware/callbacks.rb:27:in `call'
  actionpack (3.2.2) lib/action_dispatch/middleware/reloader.rb:65:in `call'
  actionpack (3.2.2) lib/action_dispatch/middleware/remote_ip.rb:31:in `call'
  actionpack (3.2.2) lib/action_dispatch/middleware/debug_exceptions.rb:16:in `call'
  actionpack (3.2.2) lib/action_dispatch/middleware/show_exceptions.rb:56:in `call'
  railties (3.2.2) lib/rails/rack/logger.rb:26:in `call_app'
  railties (3.2.2) lib/rails/rack/logger.rb:16:in `call'
  actionpack (3.2.2) lib/action_dispatch/middleware/request_id.rb:22:in `call'
  rack (1.4.5) lib/rack/methodoverride.rb:21:in `call'
  rack (1.4.5) lib/rack/runtime.rb:17:in `call'
  activesupport (3.2.2) lib/active_support/cache/strategy/local_cache.rb:72:in `call'
  rack (1.4.5) lib/rack/lock.rb:15:in `call'
  actionpack (3.2.2) lib/action_dispatch/middleware/static.rb:61:in `call'
  railties (3.2.2) lib/rails/engine.rb:479:in `call'
  railties (3.2.2) lib/rails/application.rb:220:in `call'
  railties (3.2.2) lib/rails/railtie/configurable.rb:30:in `method_missing'
  rack (1.4.5) lib/rack/lint.rb:48:in `_call'
  rack (1.4.5) lib/rack/lint.rb:36:in `call'
  rack (1.4.5) lib/rack/showexceptions.rb:24:in `call'
  rack (1.4.5) lib/rack/commonlogger.rb:33:in `call'
  rack (1.4.5) lib/rack/chunked.rb:43:in `call'
  rack (1.4.5) lib/rack/content_length.rb:14:in `call'
  rack (1.4.5) lib/rack/handler/webrick.rb:59:in `service'
  /Users/jorgemoscat/.rvm/rubies/ruby-1.9.3-p0/lib/ruby/1.9.1/webrick/httpserver.rb:138:in `service'
  /Users/jorgemoscat/.rvm/rubies/ruby-1.9.3-p0/lib/ruby/1.9.1/webrick/httpserver.rb:94:in `run'
  /Users/jorgemoscat/.rvm/rubies/ruby-1.9.3-p0/lib/ruby/1.9.1/webrick/server.rb:191:in `block in start_thread'




Started GET "/" for 127.0.0.1 at 2013-09-29 19:26:33 +0200

ArgumentError (A secret is required to generate an integrity hash for cookie session data. Use config.secret_token = "some secret phrase of at least 30 characters"in config/initializers/secret_token.rb):
  actionpack (3.2.2) lib/action_dispatch/middleware/cookies.rb:316:in `ensure_secret_secure'
  actionpack (3.2.2) lib/action_dispatch/middleware/cookies.rb:281:in `initialize'
  actionpack (3.2.2) lib/action_dispatch/middleware/cookies.rb:228:in `new'
  actionpack (3.2.2) lib/action_dispatch/middleware/cookies.rb:228:in `signed'
  actionpack (3.2.2) lib/action_dispatch/middleware/session/cookie_store.rb:53:in `block in unpacked_cookie_data'
  actionpack (3.2.2) lib/action_dispatch/middleware/session/abstract_store.rb:55:in `stale_session_check!'
  actionpack (3.2.2) lib/action_dispatch/middleware/session/cookie_store.rb:51:in `unpacked_cookie_data'
  rack (1.4.5) lib/rack/session/cookie.rb:107:in `extract_session_id'
  actionpack (3.2.2) lib/action_dispatch/middleware/session/abstract_store.rb:51:in `block in extract_session_id'
  actionpack (3.2.2) lib/action_dispatch/middleware/session/abstract_store.rb:55:in `stale_session_check!'
  actionpack (3.2.2) lib/action_dispatch/middleware/session/abstract_store.rb:51:in `extract_session_id'
  rack (1.4.5) lib/rack/session/abstract/id.rb:43:in `load_session_id!'
  rack (1.4.5) lib/rack/session/abstract/id.rb:32:in `[]'
  rack (1.4.5) lib/rack/session/abstract/id.rb:267:in `current_session_id'
  rack (1.4.5) lib/rack/session/abstract/id.rb:273:in `session_exists?'
  rack (1.4.5) lib/rack/session/abstract/id.rb:107:in `exists?'
  rack (1.4.5) lib/rack/session/abstract/id.rb:127:in `load_for_read!'
  rack (1.4.5) lib/rack/session/abstract/id.rb:64:in `has_key?'
  actionpack (3.2.2) lib/action_dispatch/middleware/flash.rb:258:in `ensure in call'
  actionpack (3.2.2) lib/action_dispatch/middleware/flash.rb:259:in `call'
  rack (1.4.5) lib/rack/session/abstract/id.rb:210:in `context'
  rack (1.4.5) lib/rack/session/abstract/id.rb:205:in `call'
  actionpack (3.2.2) lib/action_dispatch/middleware/cookies.rb:338:in `call'
  actionpack (3.2.2) lib/action_dispatch/middleware/callbacks.rb:28:in `block in call'
  activesupport (3.2.2) lib/active_support/callbacks.rb:405:in `_run__256944943182303450__call__2969880465549935240__callbacks'
  activesupport (3.2.2) lib/active_support/callbacks.rb:405:in `__run_callback'
  activesupport (3.2.2) lib/active_support/callbacks.rb:385:in `_run_call_callbacks'
  activesupport (3.2.2) lib/active_support/callbacks.rb:81:in `run_callbacks'
  actionpack (3.2.2) lib/action_dispatch/middleware/callbacks.rb:27:in `call'
  actionpack (3.2.2) lib/action_dispatch/middleware/reloader.rb:65:in `call'
  actionpack (3.2.2) lib/action_dispatch/middleware/remote_ip.rb:31:in `call'
  actionpack (3.2.2) lib/action_dispatch/middleware/debug_exceptions.rb:16:in `call'
  actionpack (3.2.2) lib/action_dispatch/middleware/show_exceptions.rb:56:in `call'
  railties (3.2.2) lib/rails/rack/logger.rb:26:in `call_app'
  railties (3.2.2) lib/rails/rack/logger.rb:16:in `call'
  actionpack (3.2.2) lib/action_dispatch/middleware/request_id.rb:22:in `call'
  rack (1.4.5) lib/rack/methodoverride.rb:21:in `call'
  rack (1.4.5) lib/rack/runtime.rb:17:in `call'
  activesupport (3.2.2) lib/active_support/cache/strategy/local_cache.rb:72:in `call'
  rack (1.4.5) lib/rack/lock.rb:15:in `call'
  actionpack (3.2.2) lib/action_dispatch/middleware/static.rb:61:in `call'
  railties (3.2.2) lib/rails/engine.rb:479:in `call'
  railties (3.2.2) lib/rails/application.rb:220:in `call'
  railties (3.2.2) lib/rails/railtie/configurable.rb:30:in `method_missing'
  rack (1.4.5) lib/rack/lint.rb:48:in `_call'
  rack (1.4.5) lib/rack/lint.rb:36:in `call'
  rack (1.4.5) lib/rack/showexceptions.rb:24:in `call'
  rack (1.4.5) lib/rack/commonlogger.rb:33:in `call'
  rack (1.4.5) lib/rack/chunked.rb:43:in `call'
  rack (1.4.5) lib/rack/content_length.rb:14:in `call'
  rack (1.4.5) lib/rack/handler/webrick.rb:59:in `service'
  /Users/jorgemoscat/.rvm/rubies/ruby-1.9.3-p0/lib/ruby/1.9.1/webrick/httpserver.rb:138:in `service'
  /Users/jorgemoscat/.rvm/rubies/ruby-1.9.3-p0/lib/ruby/1.9.1/webrick/httpserver.rb:94:in `run'
  /Users/jorgemoscat/.rvm/rubies/ruby-1.9.3-p0/lib/ruby/1.9.1/webrick/server.rb:191:in `block in start_thread'




Started GET "/" for 127.0.0.1 at 2013-09-29 19:26:35 +0200

ArgumentError (A secret is required to generate an integrity hash for cookie session data. Use config.secret_token = "some secret phrase of at least 30 characters"in config/initializers/secret_token.rb):
  actionpack (3.2.2) lib/action_dispatch/middleware/cookies.rb:316:in `ensure_secret_secure'
  actionpack (3.2.2) lib/action_dispatch/middleware/cookies.rb:281:in `initialize'
  actionpack (3.2.2) lib/action_dispatch/middleware/cookies.rb:228:in `new'
  actionpack (3.2.2) lib/action_dispatch/middleware/cookies.rb:228:in `signed'
  actionpack (3.2.2) lib/action_dispatch/middleware/session/cookie_store.rb:53:in `block in unpacked_cookie_data'
  actionpack (3.2.2) lib/action_dispatch/middleware/session/abstract_store.rb:55:in `stale_session_check!'
  actionpack (3.2.2) lib/action_dispatch/middleware/session/cookie_store.rb:51:in `unpacked_cookie_data'
  rack (1.4.5) lib/rack/session/cookie.rb:107:in `extract_session_id'
  actionpack (3.2.2) lib/action_dispatch/middleware/session/abstract_store.rb:51:in `block in extract_session_id'
  actionpack (3.2.2) lib/action_dispatch/middleware/session/abstract_store.rb:55:in `stale_session_check!'
  actionpack (3.2.2) lib/action_dispatch/middleware/session/abstract_store.rb:51:in `extract_session_id'
  rack (1.4.5) lib/rack/session/abstract/id.rb:43:in `load_session_id!'
  rack (1.4.5) lib/rack/session/abstract/id.rb:32:in `[]'
  rack (1.4.5) lib/rack/session/abstract/id.rb:267:in `current_session_id'
  rack (1.4.5) lib/rack/session/abstract/id.rb:273:in `session_exists?'
  rack (1.4.5) lib/rack/session/abstract/id.rb:107:in `exists?'
  rack (1.4.5) lib/rack/session/abstract/id.rb:127:in `load_for_read!'
  rack (1.4.5) lib/rack/session/abstract/id.rb:64:in `has_key?'
  actionpack (3.2.2) lib/action_dispatch/middleware/flash.rb:258:in `ensure in call'
  actionpack (3.2.2) lib/action_dispatch/middleware/flash.rb:259:in `call'
  rack (1.4.5) lib/rack/session/abstract/id.rb:210:in `context'
  rack (1.4.5) lib/rack/session/abstract/id.rb:205:in `call'
  actionpack (3.2.2) lib/action_dispatch/middleware/cookies.rb:338:in `call'
  actionpack (3.2.2) lib/action_dispatch/middleware/callbacks.rb:28:in `block in call'
  activesupport (3.2.2) lib/active_support/callbacks.rb:405:in `_run__256944943182303450__call__2969880465549935240__callbacks'
  activesupport (3.2.2) lib/active_support/callbacks.rb:405:in `__run_callback'
  activesupport (3.2.2) lib/active_support/callbacks.rb:385:in `_run_call_callbacks'
  activesupport (3.2.2) lib/active_support/callbacks.rb:81:in `run_callbacks'
  actionpack (3.2.2) lib/action_dispatch/middleware/callbacks.rb:27:in `call'
  actionpack (3.2.2) lib/action_dispatch/middleware/reloader.rb:65:in `call'
  actionpack (3.2.2) lib/action_dispatch/middleware/remote_ip.rb:31:in `call'
  actionpack (3.2.2) lib/action_dispatch/middleware/debug_exceptions.rb:16:in `call'
  actionpack (3.2.2) lib/action_dispatch/middleware/show_exceptions.rb:56:in `call'
  railties (3.2.2) lib/rails/rack/logger.rb:26:in `call_app'
  railties (3.2.2) lib/rails/rack/logger.rb:16:in `call'
  actionpack (3.2.2) lib/action_dispatch/middleware/request_id.rb:22:in `call'
  rack (1.4.5) lib/rack/methodoverride.rb:21:in `call'
  rack (1.4.5) lib/rack/runtime.rb:17:in `call'
  activesupport (3.2.2) lib/active_support/cache/strategy/local_cache.rb:72:in `call'
  rack (1.4.5) lib/rack/lock.rb:15:in `call'
  actionpack (3.2.2) lib/action_dispatch/middleware/static.rb:61:in `call'
  railties (3.2.2) lib/rails/engine.rb:479:in `call'
  railties (3.2.2) lib/rails/application.rb:220:in `call'
  railties (3.2.2) lib/rails/railtie/configurable.rb:30:in `method_missing'
  rack (1.4.5) lib/rack/lint.rb:48:in `_call'
  rack (1.4.5) lib/rack/lint.rb:36:in `call'
  rack (1.4.5) lib/rack/showexceptions.rb:24:in `call'
  rack (1.4.5) lib/rack/commonlogger.rb:33:in `call'
  rack (1.4.5) lib/rack/chunked.rb:43:in `call'
  rack (1.4.5) lib/rack/content_length.rb:14:in `call'
  rack (1.4.5) lib/rack/handler/webrick.rb:59:in `service'
  /Users/jorgemoscat/.rvm/rubies/ruby-1.9.3-p0/lib/ruby/1.9.1/webrick/httpserver.rb:138:in `service'
  /Users/jorgemoscat/.rvm/rubies/ruby-1.9.3-p0/lib/ruby/1.9.1/webrick/httpserver.rb:94:in `run'
  /Users/jorgemoscat/.rvm/rubies/ruby-1.9.3-p0/lib/ruby/1.9.1/webrick/server.rb:191:in `block in start_thread'




Started GET "/" for 127.0.0.1 at 2013-09-29 19:26:59 +0200

ArgumentError (A secret is required to generate an integrity hash for cookie session data. Use config.secret_token = "some secret phrase of at least 30 characters"in config/initializers/secret_token.rb):
  actionpack (3.2.2) lib/action_dispatch/middleware/cookies.rb:316:in `ensure_secret_secure'
  actionpack (3.2.2) lib/action_dispatch/middleware/cookies.rb:281:in `initialize'
  actionpack (3.2.2) lib/action_dispatch/middleware/cookies.rb:228:in `new'
  actionpack (3.2.2) lib/action_dispatch/middleware/cookies.rb:228:in `signed'
  actionpack (3.2.2) lib/action_dispatch/middleware/session/cookie_store.rb:53:in `block in unpacked_cookie_data'
  actionpack (3.2.2) lib/action_dispatch/middleware/session/abstract_store.rb:55:in `stale_session_check!'
  actionpack (3.2.2) lib/action_dispatch/middleware/session/cookie_store.rb:51:in `unpacked_cookie_data'
  rack (1.4.5) lib/rack/session/cookie.rb:107:in `extract_session_id'
  actionpack (3.2.2) lib/action_dispatch/middleware/session/abstract_store.rb:51:in `block in extract_session_id'
  actionpack (3.2.2) lib/action_dispatch/middleware/session/abstract_store.rb:55:in `stale_session_check!'
  actionpack (3.2.2) lib/action_dispatch/middleware/session/abstract_store.rb:51:in `extract_session_id'
  rack (1.4.5) lib/rack/session/abstract/id.rb:43:in `load_session_id!'
  rack (1.4.5) lib/rack/session/abstract/id.rb:32:in `[]'
  rack (1.4.5) lib/rack/session/abstract/id.rb:267:in `current_session_id'
  rack (1.4.5) lib/rack/session/abstract/id.rb:273:in `session_exists?'
  rack (1.4.5) lib/rack/session/abstract/id.rb:107:in `exists?'
  rack (1.4.5) lib/rack/session/abstract/id.rb:127:in `load_for_read!'
  rack (1.4.5) lib/rack/session/abstract/id.rb:64:in `has_key?'
  actionpack (3.2.2) lib/action_dispatch/middleware/flash.rb:258:in `ensure in call'
  actionpack (3.2.2) lib/action_dispatch/middleware/flash.rb:259:in `call'
  rack (1.4.5) lib/rack/session/abstract/id.rb:210:in `context'
  rack (1.4.5) lib/rack/session/abstract/id.rb:205:in `call'
  actionpack (3.2.2) lib/action_dispatch/middleware/cookies.rb:338:in `call'
  actionpack (3.2.2) lib/action_dispatch/middleware/callbacks.rb:28:in `block in call'
  activesupport (3.2.2) lib/active_support/callbacks.rb:405:in `_run__256944943182303450__call__2969880465549935240__callbacks'
  activesupport (3.2.2) lib/active_support/callbacks.rb:405:in `__run_callback'
  activesupport (3.2.2) lib/active_support/callbacks.rb:385:in `_run_call_callbacks'
  activesupport (3.2.2) lib/active_support/callbacks.rb:81:in `run_callbacks'
  actionpack (3.2.2) lib/action_dispatch/middleware/callbacks.rb:27:in `call'
  actionpack (3.2.2) lib/action_dispatch/middleware/reloader.rb:65:in `call'
  actionpack (3.2.2) lib/action_dispatch/middleware/remote_ip.rb:31:in `call'
  actionpack (3.2.2) lib/action_dispatch/middleware/debug_exceptions.rb:16:in `call'
  actionpack (3.2.2) lib/action_dispatch/middleware/show_exceptions.rb:56:in `call'
  railties (3.2.2) lib/rails/rack/logger.rb:26:in `call_app'
  railties (3.2.2) lib/rails/rack/logger.rb:16:in `call'
  actionpack (3.2.2) lib/action_dispatch/middleware/request_id.rb:22:in `call'
  rack (1.4.5) lib/rack/methodoverride.rb:21:in `call'
  rack (1.4.5) lib/rack/runtime.rb:17:in `call'
  activesupport (3.2.2) lib/active_support/cache/strategy/local_cache.rb:72:in `call'
  rack (1.4.5) lib/rack/lock.rb:15:in `call'
  actionpack (3.2.2) lib/action_dispatch/middleware/static.rb:61:in `call'
  railties (3.2.2) lib/rails/engine.rb:479:in `call'
  railties (3.2.2) lib/rails/application.rb:220:in `call'
  railties (3.2.2) lib/rails/railtie/configurable.rb:30:in `method_missing'
  rack (1.4.5) lib/rack/lint.rb:48:in `_call'
  rack (1.4.5) lib/rack/lint.rb:36:in `call'
  rack (1.4.5) lib/rack/showexceptions.rb:24:in `call'
  rack (1.4.5) lib/rack/commonlogger.rb:33:in `call'
  rack (1.4.5) lib/rack/chunked.rb:43:in `call'
  rack (1.4.5) lib/rack/content_length.rb:14:in `call'
  rack (1.4.5) lib/rack/handler/webrick.rb:59:in `service'
  /Users/jorgemoscat/.rvm/rubies/ruby-1.9.3-p0/lib/ruby/1.9.1/webrick/httpserver.rb:138:in `service'
  /Users/jorgemoscat/.rvm/rubies/ruby-1.9.3-p0/lib/ruby/1.9.1/webrick/httpserver.rb:94:in `run'
  /Users/jorgemoscat/.rvm/rubies/ruby-1.9.3-p0/lib/ruby/1.9.1/webrick/server.rb:191:in `block in start_thread'




Started GET "/favicon.ico" for 127.0.0.1 at 2013-09-29 19:26:59 +0200

ArgumentError (A secret is required to generate an integrity hash for cookie session data. Use config.secret_token = "some secret phrase of at least 30 characters"in config/initializers/secret_token.rb):
  actionpack (3.2.2) lib/action_dispatch/middleware/cookies.rb:316:in `ensure_secret_secure'
  actionpack (3.2.2) lib/action_dispatch/middleware/cookies.rb:281:in `initialize'
  actionpack (3.2.2) lib/action_dispatch/middleware/cookies.rb:228:in `new'
  actionpack (3.2.2) lib/action_dispatch/middleware/cookies.rb:228:in `signed'
  actionpack (3.2.2) lib/action_dispatch/middleware/session/cookie_store.rb:53:in `block in unpacked_cookie_data'
  actionpack (3.2.2) lib/action_dispatch/middleware/session/abstract_store.rb:55:in `stale_session_check!'
  actionpack (3.2.2) lib/action_dispatch/middleware/session/cookie_store.rb:51:in `unpacked_cookie_data'
  rack (1.4.5) lib/rack/session/cookie.rb:107:in `extract_session_id'
  actionpack (3.2.2) lib/action_dispatch/middleware/session/abstract_store.rb:51:in `block in extract_session_id'
  actionpack (3.2.2) lib/action_dispatch/middleware/session/abstract_store.rb:55:in `stale_session_check!'
  actionpack (3.2.2) lib/action_dispatch/middleware/session/abstract_store.rb:51:in `extract_session_id'
  rack (1.4.5) lib/rack/session/abstract/id.rb:43:in `load_session_id!'
  rack (1.4.5) lib/rack/session/abstract/id.rb:32:in `[]'
  rack (1.4.5) lib/rack/session/abstract/id.rb:267:in `current_session_id'
  rack (1.4.5) lib/rack/session/abstract/id.rb:273:in `session_exists?'
  rack (1.4.5) lib/rack/session/abstract/id.rb:107:in `exists?'
  rack (1.4.5) lib/rack/session/abstract/id.rb:127:in `load_for_read!'
  rack (1.4.5) lib/rack/session/abstract/id.rb:64:in `has_key?'
  actionpack (3.2.2) lib/action_dispatch/middleware/flash.rb:258:in `ensure in call'
  actionpack (3.2.2) lib/action_dispatch/middleware/flash.rb:259:in `call'
  rack (1.4.5) lib/rack/session/abstract/id.rb:210:in `context'
  rack (1.4.5) lib/rack/session/abstract/id.rb:205:in `call'
  actionpack (3.2.2) lib/action_dispatch/middleware/cookies.rb:338:in `call'
  actionpack (3.2.2) lib/action_dispatch/middleware/callbacks.rb:28:in `block in call'
  activesupport (3.2.2) lib/active_support/callbacks.rb:405:in `_run__256944943182303450__call__2969880465549935240__callbacks'
  activesupport (3.2.2) lib/active_support/callbacks.rb:405:in `__run_callback'
  activesupport (3.2.2) lib/active_support/callbacks.rb:385:in `_run_call_callbacks'
  activesupport (3.2.2) lib/active_support/callbacks.rb:81:in `run_callbacks'
  actionpack (3.2.2) lib/action_dispatch/middleware/callbacks.rb:27:in `call'
  actionpack (3.2.2) lib/action_dispatch/middleware/reloader.rb:65:in `call'
  actionpack (3.2.2) lib/action_dispatch/middleware/remote_ip.rb:31:in `call'
  actionpack (3.2.2) lib/action_dispatch/middleware/debug_exceptions.rb:16:in `call'
  actionpack (3.2.2) lib/action_dispatch/middleware/show_exceptions.rb:56:in `call'
  railties (3.2.2) lib/rails/rack/logger.rb:26:in `call_app'
  railties (3.2.2) lib/rails/rack/logger.rb:16:in `call'
  actionpack (3.2.2) lib/action_dispatch/middleware/request_id.rb:22:in `call'
  rack (1.4.5) lib/rack/methodoverride.rb:21:in `call'
  rack (1.4.5) lib/rack/runtime.rb:17:in `call'
  activesupport (3.2.2) lib/active_support/cache/strategy/local_cache.rb:72:in `call'
  rack (1.4.5) lib/rack/lock.rb:15:in `call'
  actionpack (3.2.2) lib/action_dispatch/middleware/static.rb:61:in `call'
  railties (3.2.2) lib/rails/engine.rb:479:in `call'
  railties (3.2.2) lib/rails/application.rb:220:in `call'
  railties (3.2.2) lib/rails/railtie/configurable.rb:30:in `method_missing'
  rack (1.4.5) lib/rack/lint.rb:48:in `_call'
  rack (1.4.5) lib/rack/lint.rb:36:in `call'
  rack (1.4.5) lib/rack/showexceptions.rb:24:in `call'
  rack (1.4.5) lib/rack/commonlogger.rb:33:in `call'
  rack (1.4.5) lib/rack/chunked.rb:43:in `call'
  rack (1.4.5) lib/rack/content_length.rb:14:in `call'
  rack (1.4.5) lib/rack/handler/webrick.rb:59:in `service'
  /Users/jorgemoscat/.rvm/rubies/ruby-1.9.3-p0/lib/ruby/1.9.1/webrick/httpserver.rb:138:in `service'
  /Users/jorgemoscat/.rvm/rubies/ruby-1.9.3-p0/lib/ruby/1.9.1/webrick/httpserver.rb:94:in `run'
  /Users/jorgemoscat/.rvm/rubies/ruby-1.9.3-p0/lib/ruby/1.9.1/webrick/server.rb:191:in `block in start_thread'




Started GET "/" for 127.0.0.1 at 2013-09-29 19:27:00 +0200

ArgumentError (A secret is required to generate an integrity hash for cookie session data. Use config.secret_token = "some secret phrase of at least 30 characters"in config/initializers/secret_token.rb):
  actionpack (3.2.2) lib/action_dispatch/middleware/cookies.rb:316:in `ensure_secret_secure'
  actionpack (3.2.2) lib/action_dispatch/middleware/cookies.rb:281:in `initialize'
  actionpack (3.2.2) lib/action_dispatch/middleware/cookies.rb:228:in `new'
  actionpack (3.2.2) lib/action_dispatch/middleware/cookies.rb:228:in `signed'
  actionpack (3.2.2) lib/action_dispatch/middleware/session/cookie_store.rb:53:in `block in unpacked_cookie_data'
  actionpack (3.2.2) lib/action_dispatch/middleware/session/abstract_store.rb:55:in `stale_session_check!'
  actionpack (3.2.2) lib/action_dispatch/middleware/session/cookie_store.rb:51:in `unpacked_cookie_data'
  rack (1.4.5) lib/rack/session/cookie.rb:107:in `extract_session_id'
  actionpack (3.2.2) lib/action_dispatch/middleware/session/abstract_store.rb:51:in `block in extract_session_id'
  actionpack (3.2.2) lib/action_dispatch/middleware/session/abstract_store.rb:55:in `stale_session_check!'
  actionpack (3.2.2) lib/action_dispatch/middleware/session/abstract_store.rb:51:in `extract_session_id'
  rack (1.4.5) lib/rack/session/abstract/id.rb:43:in `load_session_id!'
  rack (1.4.5) lib/rack/session/abstract/id.rb:32:in `[]'
  rack (1.4.5) lib/rack/session/abstract/id.rb:267:in `current_session_id'
  rack (1.4.5) lib/rack/session/abstract/id.rb:273:in `session_exists?'
  rack (1.4.5) lib/rack/session/abstract/id.rb:107:in `exists?'
  rack (1.4.5) lib/rack/session/abstract/id.rb:127:in `load_for_read!'
  rack (1.4.5) lib/rack/session/abstract/id.rb:64:in `has_key?'
  actionpack (3.2.2) lib/action_dispatch/middleware/flash.rb:258:in `ensure in call'
  actionpack (3.2.2) lib/action_dispatch/middleware/flash.rb:259:in `call'
  rack (1.4.5) lib/rack/session/abstract/id.rb:210:in `context'
  rack (1.4.5) lib/rack/session/abstract/id.rb:205:in `call'
  actionpack (3.2.2) lib/action_dispatch/middleware/cookies.rb:338:in `call'
  actionpack (3.2.2) lib/action_dispatch/middleware/callbacks.rb:28:in `block in call'
  activesupport (3.2.2) lib/active_support/callbacks.rb:405:in `_run__256944943182303450__call__2969880465549935240__callbacks'
  activesupport (3.2.2) lib/active_support/callbacks.rb:405:in `__run_callback'
  activesupport (3.2.2) lib/active_support/callbacks.rb:385:in `_run_call_callbacks'
  activesupport (3.2.2) lib/active_support/callbacks.rb:81:in `run_callbacks'
  actionpack (3.2.2) lib/action_dispatch/middleware/callbacks.rb:27:in `call'
  actionpack (3.2.2) lib/action_dispatch/middleware/reloader.rb:65:in `call'
  actionpack (3.2.2) lib/action_dispatch/middleware/remote_ip.rb:31:in `call'
  actionpack (3.2.2) lib/action_dispatch/middleware/debug_exceptions.rb:16:in `call'
  actionpack (3.2.2) lib/action_dispatch/middleware/show_exceptions.rb:56:in `call'
  railties (3.2.2) lib/rails/rack/logger.rb:26:in `call_app'
  railties (3.2.2) lib/rails/rack/logger.rb:16:in `call'
  actionpack (3.2.2) lib/action_dispatch/middleware/request_id.rb:22:in `call'
  rack (1.4.5) lib/rack/methodoverride.rb:21:in `call'
  rack (1.4.5) lib/rack/runtime.rb:17:in `call'
  activesupport (3.2.2) lib/active_support/cache/strategy/local_cache.rb:72:in `call'
  rack (1.4.5) lib/rack/lock.rb:15:in `call'
  actionpack (3.2.2) lib/action_dispatch/middleware/static.rb:61:in `call'
  railties (3.2.2) lib/rails/engine.rb:479:in `call'
  railties (3.2.2) lib/rails/application.rb:220:in `call'
  railties (3.2.2) lib/rails/railtie/configurable.rb:30:in `method_missing'
  rack (1.4.5) lib/rack/lint.rb:48:in `_call'
  rack (1.4.5) lib/rack/lint.rb:36:in `call'
  rack (1.4.5) lib/rack/showexceptions.rb:24:in `call'
  rack (1.4.5) lib/rack/commonlogger.rb:33:in `call'
  rack (1.4.5) lib/rack/chunked.rb:43:in `call'
  rack (1.4.5) lib/rack/content_length.rb:14:in `call'
  rack (1.4.5) lib/rack/handler/webrick.rb:59:in `service'
  /Users/jorgemoscat/.rvm/rubies/ruby-1.9.3-p0/lib/ruby/1.9.1/webrick/httpserver.rb:138:in `service'
  /Users/jorgemoscat/.rvm/rubies/ruby-1.9.3-p0/lib/ruby/1.9.1/webrick/httpserver.rb:94:in `run'
  /Users/jorgemoscat/.rvm/rubies/ruby-1.9.3-p0/lib/ruby/1.9.1/webrick/server.rb:191:in `block in start_thread'




Started GET "/" for 127.0.0.1 at 2013-09-29 19:27:00 +0200

ArgumentError (A secret is required to generate an integrity hash for cookie session data. Use config.secret_token = "some secret phrase of at least 30 characters"in config/initializers/secret_token.rb):
  actionpack (3.2.2) lib/action_dispatch/middleware/cookies.rb:316:in `ensure_secret_secure'
  actionpack (3.2.2) lib/action_dispatch/middleware/cookies.rb:281:in `initialize'
  actionpack (3.2.2) lib/action_dispatch/middleware/cookies.rb:228:in `new'
  actionpack (3.2.2) lib/action_dispatch/middleware/cookies.rb:228:in `signed'
  actionpack (3.2.2) lib/action_dispatch/middleware/session/cookie_store.rb:53:in `block in unpacked_cookie_data'
  actionpack (3.2.2) lib/action_dispatch/middleware/session/abstract_store.rb:55:in `stale_session_check!'
  actionpack (3.2.2) lib/action_dispatch/middleware/session/cookie_store.rb:51:in `unpacked_cookie_data'
  rack (1.4.5) lib/rack/session/cookie.rb:107:in `extract_session_id'
  actionpack (3.2.2) lib/action_dispatch/middleware/session/abstract_store.rb:51:in `block in extract_session_id'
  actionpack (3.2.2) lib/action_dispatch/middleware/session/abstract_store.rb:55:in `stale_session_check!'
  actionpack (3.2.2) lib/action_dispatch/middleware/session/abstract_store.rb:51:in `extract_session_id'
  rack (1.4.5) lib/rack/session/abstract/id.rb:43:in `load_session_id!'
  rack (1.4.5) lib/rack/session/abstract/id.rb:32:in `[]'
  rack (1.4.5) lib/rack/session/abstract/id.rb:267:in `current_session_id'
  rack (1.4.5) lib/rack/session/abstract/id.rb:273:in `session_exists?'
  rack (1.4.5) lib/rack/session/abstract/id.rb:107:in `exists?'
  rack (1.4.5) lib/rack/session/abstract/id.rb:127:in `load_for_read!'
  rack (1.4.5) lib/rack/session/abstract/id.rb:64:in `has_key?'
  actionpack (3.2.2) lib/action_dispatch/middleware/flash.rb:258:in `ensure in call'
  actionpack (3.2.2) lib/action_dispatch/middleware/flash.rb:259:in `call'
  rack (1.4.5) lib/rack/session/abstract/id.rb:210:in `context'
  rack (1.4.5) lib/rack/session/abstract/id.rb:205:in `call'
  actionpack (3.2.2) lib/action_dispatch/middleware/cookies.rb:338:in `call'
  actionpack (3.2.2) lib/action_dispatch/middleware/callbacks.rb:28:in `block in call'
  activesupport (3.2.2) lib/active_support/callbacks.rb:405:in `_run__256944943182303450__call__2969880465549935240__callbacks'
  activesupport (3.2.2) lib/active_support/callbacks.rb:405:in `__run_callback'
  activesupport (3.2.2) lib/active_support/callbacks.rb:385:in `_run_call_callbacks'
  activesupport (3.2.2) lib/active_support/callbacks.rb:81:in `run_callbacks'
  actionpack (3.2.2) lib/action_dispatch/middleware/callbacks.rb:27:in `call'
  actionpack (3.2.2) lib/action_dispatch/middleware/reloader.rb:65:in `call'
  actionpack (3.2.2) lib/action_dispatch/middleware/remote_ip.rb:31:in `call'
  actionpack (3.2.2) lib/action_dispatch/middleware/debug_exceptions.rb:16:in `call'
  actionpack (3.2.2) lib/action_dispatch/middleware/show_exceptions.rb:56:in `call'
  railties (3.2.2) lib/rails/rack/logger.rb:26:in `call_app'
  railties (3.2.2) lib/rails/rack/logger.rb:16:in `call'
  actionpack (3.2.2) lib/action_dispatch/middleware/request_id.rb:22:in `call'
  rack (1.4.5) lib/rack/methodoverride.rb:21:in `call'
  rack (1.4.5) lib/rack/runtime.rb:17:in `call'
  activesupport (3.2.2) lib/active_support/cache/strategy/local_cache.rb:72:in `call'
  rack (1.4.5) lib/rack/lock.rb:15:in `call'
  actionpack (3.2.2) lib/action_dispatch/middleware/static.rb:61:in `call'
  railties (3.2.2) lib/rails/engine.rb:479:in `call'
  railties (3.2.2) lib/rails/application.rb:220:in `call'
  railties (3.2.2) lib/rails/railtie/configurable.rb:30:in `method_missing'
  rack (1.4.5) lib/rack/lint.rb:48:in `_call'
  rack (1.4.5) lib/rack/lint.rb:36:in `call'
  rack (1.4.5) lib/rack/showexceptions.rb:24:in `call'
  rack (1.4.5) lib/rack/commonlogger.rb:33:in `call'
  rack (1.4.5) lib/rack/chunked.rb:43:in `call'
  rack (1.4.5) lib/rack/content_length.rb:14:in `call'
  rack (1.4.5) lib/rack/handler/webrick.rb:59:in `service'
  /Users/jorgemoscat/.rvm/rubies/ruby-1.9.3-p0/lib/ruby/1.9.1/webrick/httpserver.rb:138:in `service'
  /Users/jorgemoscat/.rvm/rubies/ruby-1.9.3-p0/lib/ruby/1.9.1/webrick/httpserver.rb:94:in `run'
  /Users/jorgemoscat/.rvm/rubies/ruby-1.9.3-p0/lib/ruby/1.9.1/webrick/server.rb:191:in `block in start_thread'




Started GET "/favicon.ico" for 127.0.0.1 at 2013-09-29 19:27:00 +0200

ArgumentError (A secret is required to generate an integrity hash for cookie session data. Use config.secret_token = "some secret phrase of at least 30 characters"in config/initializers/secret_token.rb):
  actionpack (3.2.2) lib/action_dispatch/middleware/cookies.rb:316:in `ensure_secret_secure'
  actionpack (3.2.2) lib/action_dispatch/middleware/cookies.rb:281:in `initialize'
  actionpack (3.2.2) lib/action_dispatch/middleware/cookies.rb:228:in `new'
  actionpack (3.2.2) lib/action_dispatch/middleware/cookies.rb:228:in `signed'
  actionpack (3.2.2) lib/action_dispatch/middleware/session/cookie_store.rb:53:in `block in unpacked_cookie_data'
  actionpack (3.2.2) lib/action_dispatch/middleware/session/abstract_store.rb:55:in `stale_session_check!'
  actionpack (3.2.2) lib/action_dispatch/middleware/session/cookie_store.rb:51:in `unpacked_cookie_data'
  rack (1.4.5) lib/rack/session/cookie.rb:107:in `extract_session_id'
  actionpack (3.2.2) lib/action_dispatch/middleware/session/abstract_store.rb:51:in `block in extract_session_id'
  actionpack (3.2.2) lib/action_dispatch/middleware/session/abstract_store.rb:55:in `stale_session_check!'
  actionpack (3.2.2) lib/action_dispatch/middleware/session/abstract_store.rb:51:in `extract_session_id'
  rack (1.4.5) lib/rack/session/abstract/id.rb:43:in `load_session_id!'
  rack (1.4.5) lib/rack/session/abstract/id.rb:32:in `[]'
  rack (1.4.5) lib/rack/session/abstract/id.rb:267:in `current_session_id'
  rack (1.4.5) lib/rack/session/abstract/id.rb:273:in `session_exists?'
  rack (1.4.5) lib/rack/session/abstract/id.rb:107:in `exists?'
  rack (1.4.5) lib/rack/session/abstract/id.rb:127:in `load_for_read!'
  rack (1.4.5) lib/rack/session/abstract/id.rb:64:in `has_key?'
  actionpack (3.2.2) lib/action_dispatch/middleware/flash.rb:258:in `ensure in call'
  actionpack (3.2.2) lib/action_dispatch/middleware/flash.rb:259:in `call'
  rack (1.4.5) lib/rack/session/abstract/id.rb:210:in `context'
  rack (1.4.5) lib/rack/session/abstract/id.rb:205:in `call'
  actionpack (3.2.2) lib/action_dispatch/middleware/cookies.rb:338:in `call'
  actionpack (3.2.2) lib/action_dispatch/middleware/callbacks.rb:28:in `block in call'
  activesupport (3.2.2) lib/active_support/callbacks.rb:405:in `_run__256944943182303450__call__2969880465549935240__callbacks'
  activesupport (3.2.2) lib/active_support/callbacks.rb:405:in `__run_callback'
  activesupport (3.2.2) lib/active_support/callbacks.rb:385:in `_run_call_callbacks'
  activesupport (3.2.2) lib/active_support/callbacks.rb:81:in `run_callbacks'
  actionpack (3.2.2) lib/action_dispatch/middleware/callbacks.rb:27:in `call'
  actionpack (3.2.2) lib/action_dispatch/middleware/reloader.rb:65:in `call'
  actionpack (3.2.2) lib/action_dispatch/middleware/remote_ip.rb:31:in `call'
  actionpack (3.2.2) lib/action_dispatch/middleware/debug_exceptions.rb:16:in `call'
  actionpack (3.2.2) lib/action_dispatch/middleware/show_exceptions.rb:56:in `call'
  railties (3.2.2) lib/rails/rack/logger.rb:26:in `call_app'
  railties (3.2.2) lib/rails/rack/logger.rb:16:in `call'
  actionpack (3.2.2) lib/action_dispatch/middleware/request_id.rb:22:in `call'
  rack (1.4.5) lib/rack/methodoverride.rb:21:in `call'
  rack (1.4.5) lib/rack/runtime.rb:17:in `call'
  activesupport (3.2.2) lib/active_support/cache/strategy/local_cache.rb:72:in `call'
  rack (1.4.5) lib/rack/lock.rb:15:in `call'
  actionpack (3.2.2) lib/action_dispatch/middleware/static.rb:61:in `call'
  railties (3.2.2) lib/rails/engine.rb:479:in `call'
  railties (3.2.2) lib/rails/application.rb:220:in `call'
  railties (3.2.2) lib/rails/railtie/configurable.rb:30:in `method_missing'
  rack (1.4.5) lib/rack/lint.rb:48:in `_call'
  rack (1.4.5) lib/rack/lint.rb:36:in `call'
  rack (1.4.5) lib/rack/showexceptions.rb:24:in `call'
  rack (1.4.5) lib/rack/commonlogger.rb:33:in `call'
  rack (1.4.5) lib/rack/chunked.rb:43:in `call'
  rack (1.4.5) lib/rack/content_length.rb:14:in `call'
  rack (1.4.5) lib/rack/handler/webrick.rb:59:in `service'
  /Users/jorgemoscat/.rvm/rubies/ruby-1.9.3-p0/lib/ruby/1.9.1/webrick/httpserver.rb:138:in `service'
  /Users/jorgemoscat/.rvm/rubies/ruby-1.9.3-p0/lib/ruby/1.9.1/webrick/httpserver.rb:94:in `run'
  /Users/jorgemoscat/.rvm/rubies/ruby-1.9.3-p0/lib/ruby/1.9.1/webrick/server.rb:191:in `block in start_thread'




Started GET "/" for 127.0.0.1 at 2013-09-29 19:27:00 +0200

ArgumentError (A secret is required to generate an integrity hash for cookie session data. Use config.secret_token = "some secret phrase of at least 30 characters"in config/initializers/secret_token.rb):
  actionpack (3.2.2) lib/action_dispatch/middleware/cookies.rb:316:in `ensure_secret_secure'
  actionpack (3.2.2) lib/action_dispatch/middleware/cookies.rb:281:in `initialize'
  actionpack (3.2.2) lib/action_dispatch/middleware/cookies.rb:228:in `new'
  actionpack (3.2.2) lib/action_dispatch/middleware/cookies.rb:228:in `signed'
  actionpack (3.2.2) lib/action_dispatch/middleware/session/cookie_store.rb:53:in `block in unpacked_cookie_data'
  actionpack (3.2.2) lib/action_dispatch/middleware/session/abstract_store.rb:55:in `stale_session_check!'
  actionpack (3.2.2) lib/action_dispatch/middleware/session/cookie_store.rb:51:in `unpacked_cookie_data'
  rack (1.4.5) lib/rack/session/cookie.rb:107:in `extract_session_id'
  actionpack (3.2.2) lib/action_dispatch/middleware/session/abstract_store.rb:51:in `block in extract_session_id'
  actionpack (3.2.2) lib/action_dispatch/middleware/session/abstract_store.rb:55:in `stale_session_check!'
  actionpack (3.2.2) lib/action_dispatch/middleware/session/abstract_store.rb:51:in `extract_session_id'
  rack (1.4.5) lib/rack/session/abstract/id.rb:43:in `load_session_id!'
  rack (1.4.5) lib/rack/session/abstract/id.rb:32:in `[]'
  rack (1.4.5) lib/rack/session/abstract/id.rb:267:in `current_session_id'
  rack (1.4.5) lib/rack/session/abstract/id.rb:273:in `session_exists?'
  rack (1.4.5) lib/rack/session/abstract/id.rb:107:in `exists?'
  rack (1.4.5) lib/rack/session/abstract/id.rb:127:in `load_for_read!'
  rack (1.4.5) lib/rack/session/abstract/id.rb:64:in `has_key?'
  actionpack (3.2.2) lib/action_dispatch/middleware/flash.rb:258:in `ensure in call'
  actionpack (3.2.2) lib/action_dispatch/middleware/flash.rb:259:in `call'
  rack (1.4.5) lib/rack/session/abstract/id.rb:210:in `context'
  rack (1.4.5) lib/rack/session/abstract/id.rb:205:in `call'
  actionpack (3.2.2) lib/action_dispatch/middleware/cookies.rb:338:in `call'
  actionpack (3.2.2) lib/action_dispatch/middleware/callbacks.rb:28:in `block in call'
  activesupport (3.2.2) lib/active_support/callbacks.rb:405:in `_run__256944943182303450__call__2969880465549935240__callbacks'
  activesupport (3.2.2) lib/active_support/callbacks.rb:405:in `__run_callback'
  activesupport (3.2.2) lib/active_support/callbacks.rb:385:in `_run_call_callbacks'
  activesupport (3.2.2) lib/active_support/callbacks.rb:81:in `run_callbacks'
  actionpack (3.2.2) lib/action_dispatch/middleware/callbacks.rb:27:in `call'
  actionpack (3.2.2) lib/action_dispatch/middleware/reloader.rb:65:in `call'
  actionpack (3.2.2) lib/action_dispatch/middleware/remote_ip.rb:31:in `call'
  actionpack (3.2.2) lib/action_dispatch/middleware/debug_exceptions.rb:16:in `call'
  actionpack (3.2.2) lib/action_dispatch/middleware/show_exceptions.rb:56:in `call'
  railties (3.2.2) lib/rails/rack/logger.rb:26:in `call_app'
  railties (3.2.2) lib/rails/rack/logger.rb:16:in `call'
  actionpack (3.2.2) lib/action_dispatch/middleware/request_id.rb:22:in `call'
  rack (1.4.5) lib/rack/methodoverride.rb:21:in `call'
  rack (1.4.5) lib/rack/runtime.rb:17:in `call'
  activesupport (3.2.2) lib/active_support/cache/strategy/local_cache.rb:72:in `call'
  rack (1.4.5) lib/rack/lock.rb:15:in `call'
  actionpack (3.2.2) lib/action_dispatch/middleware/static.rb:61:in `call'
  railties (3.2.2) lib/rails/engine.rb:479:in `call'
  railties (3.2.2) lib/rails/application.rb:220:in `call'
  railties (3.2.2) lib/rails/railtie/configurable.rb:30:in `method_missing'
  rack (1.4.5) lib/rack/lint.rb:48:in `_call'
  rack (1.4.5) lib/rack/lint.rb:36:in `call'
  rack (1.4.5) lib/rack/showexceptions.rb:24:in `call'
  rack (1.4.5) lib/rack/commonlogger.rb:33:in `call'
  rack (1.4.5) lib/rack/chunked.rb:43:in `call'
  rack (1.4.5) lib/rack/content_length.rb:14:in `call'
  rack (1.4.5) lib/rack/handler/webrick.rb:59:in `service'
  /Users/jorgemoscat/.rvm/rubies/ruby-1.9.3-p0/lib/ruby/1.9.1/webrick/httpserver.rb:138:in `service'
  /Users/jorgemoscat/.rvm/rubies/ruby-1.9.3-p0/lib/ruby/1.9.1/webrick/httpserver.rb:94:in `run'
  /Users/jorgemoscat/.rvm/rubies/ruby-1.9.3-p0/lib/ruby/1.9.1/webrick/server.rb:191:in `block in start_thread'




Started GET "/" for 127.0.0.1 at 2013-09-29 19:27:00 +0200

ArgumentError (A secret is required to generate an integrity hash for cookie session data. Use config.secret_token = "some secret phrase of at least 30 characters"in config/initializers/secret_token.rb):
  actionpack (3.2.2) lib/action_dispatch/middleware/cookies.rb:316:in `ensure_secret_secure'
  actionpack (3.2.2) lib/action_dispatch/middleware/cookies.rb:281:in `initialize'
  actionpack (3.2.2) lib/action_dispatch/middleware/cookies.rb:228:in `new'
  actionpack (3.2.2) lib/action_dispatch/middleware/cookies.rb:228:in `signed'
  actionpack (3.2.2) lib/action_dispatch/middleware/session/cookie_store.rb:53:in `block in unpacked_cookie_data'
  actionpack (3.2.2) lib/action_dispatch/middleware/session/abstract_store.rb:55:in `stale_session_check!'
  actionpack (3.2.2) lib/action_dispatch/middleware/session/cookie_store.rb:51:in `unpacked_cookie_data'
  rack (1.4.5) lib/rack/session/cookie.rb:107:in `extract_session_id'
  actionpack (3.2.2) lib/action_dispatch/middleware/session/abstract_store.rb:51:in `block in extract_session_id'
  actionpack (3.2.2) lib/action_dispatch/middleware/session/abstract_store.rb:55:in `stale_session_check!'
  actionpack (3.2.2) lib/action_dispatch/middleware/session/abstract_store.rb:51:in `extract_session_id'
  rack (1.4.5) lib/rack/session/abstract/id.rb:43:in `load_session_id!'
  rack (1.4.5) lib/rack/session/abstract/id.rb:32:in `[]'
  rack (1.4.5) lib/rack/session/abstract/id.rb:267:in `current_session_id'
  rack (1.4.5) lib/rack/session/abstract/id.rb:273:in `session_exists?'
  rack (1.4.5) lib/rack/session/abstract/id.rb:107:in `exists?'
  rack (1.4.5) lib/rack/session/abstract/id.rb:127:in `load_for_read!'
  rack (1.4.5) lib/rack/session/abstract/id.rb:64:in `has_key?'
  actionpack (3.2.2) lib/action_dispatch/middleware/flash.rb:258:in `ensure in call'
  actionpack (3.2.2) lib/action_dispatch/middleware/flash.rb:259:in `call'
  rack (1.4.5) lib/rack/session/abstract/id.rb:210:in `context'
  rack (1.4.5) lib/rack/session/abstract/id.rb:205:in `call'
  actionpack (3.2.2) lib/action_dispatch/middleware/cookies.rb:338:in `call'
  actionpack (3.2.2) lib/action_dispatch/middleware/callbacks.rb:28:in `block in call'
  activesupport (3.2.2) lib/active_support/callbacks.rb:405:in `_run__256944943182303450__call__2969880465549935240__callbacks'
  activesupport (3.2.2) lib/active_support/callbacks.rb:405:in `__run_callback'
  activesupport (3.2.2) lib/active_support/callbacks.rb:385:in `_run_call_callbacks'
  activesupport (3.2.2) lib/active_support/callbacks.rb:81:in `run_callbacks'
  actionpack (3.2.2) lib/action_dispatch/middleware/callbacks.rb:27:in `call'
  actionpack (3.2.2) lib/action_dispatch/middleware/reloader.rb:65:in `call'
  actionpack (3.2.2) lib/action_dispatch/middleware/remote_ip.rb:31:in `call'
  actionpack (3.2.2) lib/action_dispatch/middleware/debug_exceptions.rb:16:in `call'
  actionpack (3.2.2) lib/action_dispatch/middleware/show_exceptions.rb:56:in `call'
  railties (3.2.2) lib/rails/rack/logger.rb:26:in `call_app'
  railties (3.2.2) lib/rails/rack/logger.rb:16:in `call'
  actionpack (3.2.2) lib/action_dispatch/middleware/request_id.rb:22:in `call'
  rack (1.4.5) lib/rack/methodoverride.rb:21:in `call'
  rack (1.4.5) lib/rack/runtime.rb:17:in `call'
  activesupport (3.2.2) lib/active_support/cache/strategy/local_cache.rb:72:in `call'
  rack (1.4.5) lib/rack/lock.rb:15:in `call'
  actionpack (3.2.2) lib/action_dispatch/middleware/static.rb:61:in `call'
  railties (3.2.2) lib/rails/engine.rb:479:in `call'
  railties (3.2.2) lib/rails/application.rb:220:in `call'
  railties (3.2.2) lib/rails/railtie/configurable.rb:30:in `method_missing'
  rack (1.4.5) lib/rack/lint.rb:48:in `_call'
  rack (1.4.5) lib/rack/lint.rb:36:in `call'
  rack (1.4.5) lib/rack/showexceptions.rb:24:in `call'
  rack (1.4.5) lib/rack/commonlogger.rb:33:in `call'
  rack (1.4.5) lib/rack/chunked.rb:43:in `call'
  rack (1.4.5) lib/rack/content_length.rb:14:in `call'
  rack (1.4.5) lib/rack/handler/webrick.rb:59:in `service'
  /Users/jorgemoscat/.rvm/rubies/ruby-1.9.3-p0/lib/ruby/1.9.1/webrick/httpserver.rb:138:in `service'
  /Users/jorgemoscat/.rvm/rubies/ruby-1.9.3-p0/lib/ruby/1.9.1/webrick/httpserver.rb:94:in `run'
  /Users/jorgemoscat/.rvm/rubies/ruby-1.9.3-p0/lib/ruby/1.9.1/webrick/server.rb:191:in `block in start_thread'




Started GET "/favicon.ico" for 127.0.0.1 at 2013-09-29 19:27:00 +0200

ArgumentError (A secret is required to generate an integrity hash for cookie session data. Use config.secret_token = "some secret phrase of at least 30 characters"in config/initializers/secret_token.rb):
  actionpack (3.2.2) lib/action_dispatch/middleware/cookies.rb:316:in `ensure_secret_secure'
  actionpack (3.2.2) lib/action_dispatch/middleware/cookies.rb:281:in `initialize'
  actionpack (3.2.2) lib/action_dispatch/middleware/cookies.rb:228:in `new'
  actionpack (3.2.2) lib/action_dispatch/middleware/cookies.rb:228:in `signed'
  actionpack (3.2.2) lib/action_dispatch/middleware/session/cookie_store.rb:53:in `block in unpacked_cookie_data'
  actionpack (3.2.2) lib/action_dispatch/middleware/session/abstract_store.rb:55:in `stale_session_check!'
  actionpack (3.2.2) lib/action_dispatch/middleware/session/cookie_store.rb:51:in `unpacked_cookie_data'
  rack (1.4.5) lib/rack/session/cookie.rb:107:in `extract_session_id'
  actionpack (3.2.2) lib/action_dispatch/middleware/session/abstract_store.rb:51:in `block in extract_session_id'
  actionpack (3.2.2) lib/action_dispatch/middleware/session/abstract_store.rb:55:in `stale_session_check!'
  actionpack (3.2.2) lib/action_dispatch/middleware/session/abstract_store.rb:51:in `extract_session_id'
  rack (1.4.5) lib/rack/session/abstract/id.rb:43:in `load_session_id!'
  rack (1.4.5) lib/rack/session/abstract/id.rb:32:in `[]'
  rack (1.4.5) lib/rack/session/abstract/id.rb:267:in `current_session_id'
  rack (1.4.5) lib/rack/session/abstract/id.rb:273:in `session_exists?'
  rack (1.4.5) lib/rack/session/abstract/id.rb:107:in `exists?'
  rack (1.4.5) lib/rack/session/abstract/id.rb:127:in `load_for_read!'
  rack (1.4.5) lib/rack/session/abstract/id.rb:64:in `has_key?'
  actionpack (3.2.2) lib/action_dispatch/middleware/flash.rb:258:in `ensure in call'
  actionpack (3.2.2) lib/action_dispatch/middleware/flash.rb:259:in `call'
  rack (1.4.5) lib/rack/session/abstract/id.rb:210:in `context'
  rack (1.4.5) lib/rack/session/abstract/id.rb:205:in `call'
  actionpack (3.2.2) lib/action_dispatch/middleware/cookies.rb:338:in `call'
  actionpack (3.2.2) lib/action_dispatch/middleware/callbacks.rb:28:in `block in call'
  activesupport (3.2.2) lib/active_support/callbacks.rb:405:in `_run__256944943182303450__call__2969880465549935240__callbacks'
  activesupport (3.2.2) lib/active_support/callbacks.rb:405:in `__run_callback'
  activesupport (3.2.2) lib/active_support/callbacks.rb:385:in `_run_call_callbacks'
  activesupport (3.2.2) lib/active_support/callbacks.rb:81:in `run_callbacks'
  actionpack (3.2.2) lib/action_dispatch/middleware/callbacks.rb:27:in `call'
  actionpack (3.2.2) lib/action_dispatch/middleware/reloader.rb:65:in `call'
  actionpack (3.2.2) lib/action_dispatch/middleware/remote_ip.rb:31:in `call'
  actionpack (3.2.2) lib/action_dispatch/middleware/debug_exceptions.rb:16:in `call'
  actionpack (3.2.2) lib/action_dispatch/middleware/show_exceptions.rb:56:in `call'
  railties (3.2.2) lib/rails/rack/logger.rb:26:in `call_app'
  railties (3.2.2) lib/rails/rack/logger.rb:16:in `call'
  actionpack (3.2.2) lib/action_dispatch/middleware/request_id.rb:22:in `call'
  rack (1.4.5) lib/rack/methodoverride.rb:21:in `call'
  rack (1.4.5) lib/rack/runtime.rb:17:in `call'
  activesupport (3.2.2) lib/active_support/cache/strategy/local_cache.rb:72:in `call'
  rack (1.4.5) lib/rack/lock.rb:15:in `call'
  actionpack (3.2.2) lib/action_dispatch/middleware/static.rb:61:in `call'
  railties (3.2.2) lib/rails/engine.rb:479:in `call'
  railties (3.2.2) lib/rails/application.rb:220:in `call'
  railties (3.2.2) lib/rails/railtie/configurable.rb:30:in `method_missing'
  rack (1.4.5) lib/rack/lint.rb:48:in `_call'
  rack (1.4.5) lib/rack/lint.rb:36:in `call'
  rack (1.4.5) lib/rack/showexceptions.rb:24:in `call'
  rack (1.4.5) lib/rack/commonlogger.rb:33:in `call'
  rack (1.4.5) lib/rack/chunked.rb:43:in `call'
  rack (1.4.5) lib/rack/content_length.rb:14:in `call'
  rack (1.4.5) lib/rack/handler/webrick.rb:59:in `service'
  /Users/jorgemoscat/.rvm/rubies/ruby-1.9.3-p0/lib/ruby/1.9.1/webrick/httpserver.rb:138:in `service'
  /Users/jorgemoscat/.rvm/rubies/ruby-1.9.3-p0/lib/ruby/1.9.1/webrick/httpserver.rb:94:in `run'
  /Users/jorgemoscat/.rvm/rubies/ruby-1.9.3-p0/lib/ruby/1.9.1/webrick/server.rb:191:in `block in start_thread'


